<?xml version="1.0" encoding="utf-8"?><testsuites name="pytest tests"><testsuite name="pytest" errors="0" failures="0" skipped="0" tests="7" time="0.166" timestamp="2026-08-03T00:42:25.428416-05:00" hostname="LAPTOP-9I20DTU7"><testcase classname="tests.governance.release_management.test_SGD_114G_release_management" name="test_canonical_release_name" time="0.001" /><testcase classname="tests.governance.release_management.test_SGD_114G_release_management" name="test_parse_release_name" time="0.000" /><testcase classname="tests.governance.release_management.test_SGD_114G_release_management" name="test_collapse_duplicate_revision" time="0.000" /><testcase classname="tests.governance.release_management.test_SGD_114G_release_management" name="test_normalize_release_transaction" time="0.048" /><testcase classname="tests.governance.release_management.test_SGD_114G_release_management" name="test_reference_update_skips_empty_files" time="0.039" /><testcase classname="tests.governance.release_management.test_SGD_114G_release_management" name="test_validate_detects_manifest_mismatch" time="0.005" /><testcase classname="tests.governance.release_management.test_SGD_114G_release_management" name="test_validate_approved_repository" time="0.017" /></testsuite></testsuites>