<?xml version="1.0" encoding="utf-8"?><testsuites name="pytest tests"><testsuite name="pytest" errors="0" failures="2" skipped="0" tests="59" time="5.970" timestamp="2026-08-03T21:55:21.508993-05:00" hostname="LAPTOP-9I20DTU7"><testcase classname="tests.governance.master_index_audit.test_PCI_001_master_index_audit" name="test_codes" time="0.000" /><testcase classname="tests.governance.master_index_audit.test_PCI_001_master_index_audit" name="test_scan" time="0.017" /><testcase classname="tests.governance.master_index_audit.test_PCI_001_master_index_audit" name="test_complete" time="0.881" /><testcase classname="tests.governance.master_index_audit.test_PCI_001_master_index_audit" name="test_missing_master" time="0.217" /><testcase classname="tests.governance.master_index_audit.test_PCI_001_master_index_audit" name="test_invalid_json" time="0.207" /><testcase classname="tests.governance.master_index_audit.test_PCI_001_master_index_audit" name="test_duplicate" time="0.210"><failure message="assert not True">tmp_path = WindowsPath('C:/Users/Lida Silva Acevedo/AppData/Local/Temp/pytest-of-Lida Silva Acevedo/pytest-324/test_duplicate0')

&gt;   def test_duplicate(tmp_path): root=repo(tmp_path); s=root/"config/example/SPT-999-component.json"; (root/"config/example/dup.json").write_text(s.read_text(),encoding="utf-8"); assert not audit(root)["approved"]
                                                                                                                                                                                    ^^^^^^^^^^^^^^^^^^^^^^^^^^^^^^^^^^
E   assert not True

tests\governance\master_index_audit\test_PCI_001_master_index_audit.py:24: AssertionError</failure></testcase><testcase classname="tests.governance.master_index_audit.test_PCI_001_master_index_audit" name="test_registry_gap_warning" time="0.188"><failure message="assert (True and 2 == 1)">tmp_path = WindowsPath('C:/Users/Lida Silva Acevedo/AppData/Local/Temp/pytest-of-Lida Silva Acevedo/pytest-324/test_registry_gap_warning0')

&gt;   def test_registry_gap_warning(tmp_path): root=repo(tmp_path); (root/"docs/00_REGISTRO_MAESTRO_COMPONENTES.md").write_text("# Registro\n",encoding="utf-8"); r=audit(root); assert r["approved"] and r["metrics"]["warning_findings"]==1
                                                                                                                                                                               ^^^^^^^^^^^^^^^^^^^^^^^^^^^^^^^^^^^^^^^^^^^^^^^^^^^^^^^^^^^^
E   assert (True and 2 == 1)

tests\governance\master_index_audit\test_PCI_001_master_index_audit.py:25: AssertionError</failure></testcase><testcase classname="tests.governance.master_index_audit.test_PCI_001_master_index_audit" name="test_broken_link" time="0.010" /><testcase classname="tests.governance.master_index_audit.test_PCI_001_master_index_audit" name="test_external_link" time="0.009" /><testcase classname="tests.governance.master_index_audit.test_PCI_001_master_index_audit" name="test_reports" time="0.204" /><testcase classname="tests.governance.master_index_audit.test_PCI_001_master_index_audit" name="test_metrics" time="0.258" /><testcase classname="tests.governance.master_index_audit.test_PCI_001_master_index_audit" name="test_unknown_registry" time="0.212" /><testcase classname="tests.governance.master_index_audit.test_PCI_001_1_intelligent_master_index_auditor" name="test_policy_not_component" time="0.012" /><testcase classname="tests.governance.master_index_audit.test_PCI_001_1_intelligent_master_index_auditor" name="test_filename_fragments_rejected" time="0.000" /><testcase classname="tests.governance.master_index_audit.test_PCI_001_1_intelligent_master_index_auditor" name="test_structural_codes" time="0.001" /><testcase classname="tests.governance.master_index_audit.test_PCI_001_1_intelligent_master_index_auditor" name="test_complete_approved" time="0.220" /><testcase classname="tests.governance.master_index_audit.test_PCI_001_1_intelligent_master_index_auditor" name="test_release_no_double_version" time="0.218" /><testcase classname="tests.governance.master_index_audit.test_PCI_001_1_intelligent_master_index_auditor" name="test_historical_classification" time="0.290" /><testcase classname="tests.governance.master_index_audit.test_PCI_001_1_intelligent_master_index_auditor" name="test_true_duplicate_critical" time="0.236" /><testcase classname="tests.governance.master_index_audit.test_PCI_001_1_intelligent_master_index_auditor" name="test_policy_not_duplicate" time="0.233" /><testcase classname="tests.governance.master_index_audit.test_PCI_001_1_intelligent_master_index_auditor" name="test_semantic" time="0.272" /><testcase classname="tests.governance.master_index_audit.test_PCI_001_1_intelligent_master_index_auditor" name="test_broken_link" time="0.293" /><testcase classname="tests.governance.master_index_audit.test_PCI_001_1_intelligent_master_index_auditor" name="test_backward_compatibility" time="0.221" /><testcase classname="tests.governance.master_index_audit.test_PCI_001_1_intelligent_master_index_auditor" name="test_external_ignored" time="0.012" /><testcase classname="tests.governance.master_index_audit.test_PCI_001_1_intelligent_master_index_auditor" name="test_outputs" time="0.243" /><testcase classname="tests.governance.master_index_audit.test_PCI_001_1_intelligent_master_index_auditor" name="test_graph" time="0.237" /><testcase classname="tests.documentation.test_SGD_115_master_documentation" name="test_SGD_115_descubre_componentes" time="0.016" /><testcase classname="tests.documentation.test_SGD_115_master_documentation" name="test_SGD_115_genera_tres_documentos" time="0.020" /><testcase classname="tests.documentation.test_SGD_115_master_documentation" name="test_SGD_115_indice_contiene_componente" time="0.018" /><testcase classname="tests.documentation.test_SGD_115_master_documentation" name="test_SGD_115_arquitectura_contiene_capas" time="0.021" /><testcase classname="tests.documentation.test_SGD_115_master_documentation" name="test_SGD_115_registro_contiene_trazabilidad" time="0.020" /><testcase classname="tests.documentation.test_SGD_115_master_documentation" name="test_SGD_115_validacion_aprobada" time="0.026" /><testcase classname="tests.documentation.test_SGD_115_master_documentation" name="test_SGD_115_detecta_documento_faltante" time="0.025" /><testcase classname="tests.documentation.test_SGD_115_master_documentation" name="test_SGD_115_publica_inventario_evento_y_validacion" time="0.040" /><testcase classname="tests.roadmap.test_SGD_116_master_ecosystem_roadmap" name="test_SGD_116_discovers_component" time="0.017" /><testcase classname="tests.roadmap.test_SGD_116_master_ecosystem_roadmap" name="test_SGD_116_discovers_assets" time="0.009" /><testcase classname="tests.roadmap.test_SGD_116_master_ecosystem_roadmap" name="test_SGD_116_builds_dependency_graph" time="0.000" /><testcase classname="tests.roadmap.test_SGD_116_master_ecosystem_roadmap" name="test_SGD_116_detects_missing_dependency" time="0.000" /><testcase classname="tests.roadmap.test_SGD_116_master_ecosystem_roadmap" name="test_SGD_116_detects_cycle" time="0.000" /><testcase classname="tests.roadmap.test_SGD_116_master_ecosystem_roadmap" name="test_SGD_116_calculates_metrics" time="0.014" /><testcase classname="tests.roadmap.test_SGD_116_master_ecosystem_roadmap" name="test_SGD_116_generates_master_documents" time="0.083" /><testcase classname="tests.roadmap.test_SGD_116_master_ecosystem_roadmap" name="test_SGD_116_generates_dashboard" time="0.073" /><testcase classname="tests.roadmap.test_SGD_116_master_ecosystem_roadmap" name="test_SGD_116_validation_passes" time="0.078" /><testcase classname="tests.roadmap.test_SGD_116_master_ecosystem_roadmap" name="test_SGD_116_validation_detects_broken_path" time="0.078" /><testcase classname="tests.roadmap.test_SGD_116_master_ecosystem_roadmap" name="test_SGD_116_executive_summary_is_approved" time="0.079" /><testcase classname="tests.roadmap.test_SGD_116_master_ecosystem_roadmap" name="test_SGD_116_is_idempotent" time="0.155" /><testcase classname="tests.roadmap.test_SGD_116_master_ecosystem_roadmap" name="test_SGD_116_normalizes_versioned_governance_dependencies" time="0.000" /><testcase classname="tests.roadmap.test_SGD_116_master_ecosystem_roadmap" name="test_SGD_116_discovers_SGD_114_canonical_anchor" time="0.011" /><testcase classname="tests.roadmap.test_SGD_116_master_ecosystem_roadmap" name="test_SGD_116_canonicalizes_all_supported_version_suffixes" time="0.000" /><testcase classname="tests.roadmap.test_SGD_116_master_ecosystem_roadmap" name="test_SGD_116_finds_repository_evidence_for_historical_code" time="0.003" /><testcase classname="tests.roadmap.test_SGD_116_master_ecosystem_roadmap" name="test_SGD_116_resolves_historical_dependency_with_evidence" time="0.011" /><testcase classname="tests.roadmap.test_SGD_116_master_ecosystem_roadmap" name="test_SGD_116_still_blocks_dependency_without_evidence" time="0.007" /><testcase classname="tests.governance.repository_manager.test_SGD_117_repository_manager" name="test_audit_detects_absent_component" time="0.012" /><testcase classname="tests.governance.repository_manager.test_SGD_117_repository_manager" name="test_audit_detects_registered_component" time="0.013" /><testcase classname="tests.governance.repository_manager.test_SGD_117_repository_manager" name="test_inventory_hashes_assets" time="0.019" /><testcase classname="tests.governance.repository_manager.test_SGD_117_repository_manager" name="test_validation_accepts_complete_repository" time="0.008" /><testcase classname="tests.governance.repository_manager.test_SGD_117_repository_manager" name="test_validation_blocks_missing_master_document" time="0.008" /><testcase classname="tests.governance.repository_manager.test_SGD_117_repository_manager" name="test_validation_detects_invalid_json" time="0.008" /><testcase classname="tests.governance.repository_manager.test_SGD_117_repository_manager" name="test_report_contains_category_counts" time="0.024" /></testsuite></testsuites>