<?xml version="1.0" encoding="utf-8"?><testsuites name="pytest tests"><testsuite name="pytest" errors="0" failures="4" skipped="0" tests="59" time="8.797" timestamp="2026-08-03T21:43:06.793708-05:00" hostname="LAPTOP-9I20DTU7"><testcase classname="tests.governance.master_index_audit.test_PCI_001_master_index_audit" name="test_codes" time="0.016"><failure message="AssertionError: assert set() == {'PCI-001', 'SPT-018'}&#10;  &#10;  Extra items in the right set:&#10;  #x1B[0m#x1B[33m'#x1B[39;49;00m#x1B[33mSPT-018#x1B[39;49;00m#x1B[33m'#x1B[39;49;00m#x1B[90m#x1B[39;49;00m&#10;  #x1B[0m#x1B[33m'#x1B[39;49;00m#x1B[33mPCI-001#x1B[39;49;00m#x1B[33m'#x1B[39;49;00m#x1B[90m#x1B[39;49;00m&#10;  Use -v to get more diff">&gt;   def test_codes(): assert code_set("PCI-001 SPT-018")=={"PCI-001","SPT-018"}
                      ^^^^^^^^^^^^^^^^^^^^^^^^^^^^^^^^^^^^^^^^^^^^^^^^^^^^^^^^^
E   AssertionError: assert set() == {'PCI-001', 'SPT-018'}
E     
E     Extra items in the right set:
E     #x1B[0m#x1B[33m'#x1B[39;49;00m#x1B[33mSPT-018#x1B[39;49;00m#x1B[33m'#x1B[39;49;00m#x1B[90m#x1B[39;49;00m
E     #x1B[0m#x1B[33m'#x1B[39;49;00m#x1B[33mPCI-001#x1B[39;49;00m#x1B[33m'#x1B[39;49;00m#x1B[90m#x1B[39;49;00m
E     Use -v to get more diff

tests\governance\master_index_audit\test_PCI_001_master_index_audit.py:19: AssertionError</failure></testcase><testcase classname="tests.governance.master_index_audit.test_PCI_001_master_index_audit" name="test_scan" time="0.030" /><testcase classname="tests.governance.master_index_audit.test_PCI_001_master_index_audit" name="test_complete" time="0.923"><failure message="assert (False)">tmp_path = WindowsPath('C:/Users/Lida Silva Acevedo/AppData/Local/Temp/pytest-of-Lida Silva Acevedo/pytest-323/test_complete0')

&gt;   def test_complete(tmp_path): r=audit(repo(tmp_path)); assert r["approved"] and r["components"][0]["completion_percent"]==100
                                                          ^^^^^^^^^^^^^^^^^^^^^^^^^^^^^^^^^^^^^^^^^^^^^^^^^^^^^^^^^^^^^^^^^^^^^^
E   assert (False)

tests\governance\master_index_audit\test_PCI_001_master_index_audit.py:21: AssertionError</failure></testcase><testcase classname="tests.governance.master_index_audit.test_PCI_001_master_index_audit" name="test_missing_master" time="0.203" /><testcase classname="tests.governance.master_index_audit.test_PCI_001_master_index_audit" name="test_invalid_json" time="0.209" /><testcase classname="tests.governance.master_index_audit.test_PCI_001_master_index_audit" name="test_duplicate" time="0.270" /><testcase classname="tests.governance.master_index_audit.test_PCI_001_master_index_audit" name="test_registry_gap_warning" time="0.261"><failure message="assert (False)">tmp_path = WindowsPath('C:/Users/Lida Silva Acevedo/AppData/Local/Temp/pytest-of-Lida Silva Acevedo/pytest-323/test_registry_gap_warning0')

&gt;   def test_registry_gap_warning(tmp_path): root=repo(tmp_path); (root/"docs/00_REGISTRO_MAESTRO_COMPONENTES.md").write_text("# Registro\n",encoding="utf-8"); r=audit(root); assert r["approved"] and r["metrics"]["warning_findings"]==1
                                                                                                                                                                               ^^^^^^^^^^^^^^^^^^^^^^^^^^^^^^^^^^^^^^^^^^^^^^^^^^^^^^^^^^^^
E   assert (False)

tests\governance\master_index_audit\test_PCI_001_master_index_audit.py:25: AssertionError</failure></testcase><testcase classname="tests.governance.master_index_audit.test_PCI_001_master_index_audit" name="test_broken_link" time="0.027" /><testcase classname="tests.governance.master_index_audit.test_PCI_001_master_index_audit" name="test_external_link" time="0.027" /><testcase classname="tests.governance.master_index_audit.test_PCI_001_master_index_audit" name="test_reports" time="0.324" /><testcase classname="tests.governance.master_index_audit.test_PCI_001_master_index_audit" name="test_metrics" time="0.330" /><testcase classname="tests.governance.master_index_audit.test_PCI_001_master_index_audit" name="test_unknown_registry" time="0.304"><failure message="assert False&#10; +  where False = any(&lt;generator object test_unknown_registry.&lt;locals&gt;.&lt;genexpr&gt; at 0x0000024525D9B9F0&gt;)">tmp_path = WindowsPath('C:/Users/Lida Silva Acevedo/AppData/Local/Temp/pytest-of-Lida Silva Acevedo/pytest-323/test_unknown_registry0')

&gt;   def test_unknown_registry(tmp_path): root=repo(tmp_path); (root/"docs/00_REGISTRO_MAESTRO_COMPONENTES.md").write_text("SPT-999\nSPT-998\n",encoding="utf-8"); r=audit(root); assert any(f["code"]=="REGISTRY_CODE_WITHOUT_DESCRIPTOR" for f in r["findings"])
                                                                                                                                                                                 ^^^^^^^^^^^^^^^^^^^^^^^^^^^^^^^^^^^^^^^^^^^^^^^^^^^^^^^^^^^^^^^^^^^^^^^^^^^^^^^^
E   assert False
E    +  where False = any(&lt;generator object test_unknown_registry.&lt;locals&gt;.&lt;genexpr&gt; at 0x0000024525D9B9F0&gt;)

tests\governance\master_index_audit\test_PCI_001_master_index_audit.py:30: AssertionError</failure></testcase><testcase classname="tests.governance.master_index_audit.test_PCI_001_1_intelligent_master_index_auditor" name="test_policy_not_component" time="0.059" /><testcase classname="tests.governance.master_index_audit.test_PCI_001_1_intelligent_master_index_auditor" name="test_filename_fragments_rejected" time="0.001" /><testcase classname="tests.governance.master_index_audit.test_PCI_001_1_intelligent_master_index_auditor" name="test_structural_codes" time="0.002" /><testcase classname="tests.governance.master_index_audit.test_PCI_001_1_intelligent_master_index_auditor" name="test_complete_approved" time="0.450" /><testcase classname="tests.governance.master_index_audit.test_PCI_001_1_intelligent_master_index_auditor" name="test_release_no_double_version" time="0.347" /><testcase classname="tests.governance.master_index_audit.test_PCI_001_1_intelligent_master_index_auditor" name="test_historical_classification" time="0.330" /><testcase classname="tests.governance.master_index_audit.test_PCI_001_1_intelligent_master_index_auditor" name="test_true_duplicate_critical" time="0.328" /><testcase classname="tests.governance.master_index_audit.test_PCI_001_1_intelligent_master_index_auditor" name="test_policy_not_duplicate" time="0.306" /><testcase classname="tests.governance.master_index_audit.test_PCI_001_1_intelligent_master_index_auditor" name="test_semantic" time="0.284" /><testcase classname="tests.governance.master_index_audit.test_PCI_001_1_intelligent_master_index_auditor" name="test_broken_link" time="0.327" /><testcase classname="tests.governance.master_index_audit.test_PCI_001_1_intelligent_master_index_auditor" name="test_backward_compatibility" time="0.301" /><testcase classname="tests.governance.master_index_audit.test_PCI_001_1_intelligent_master_index_auditor" name="test_external_ignored" time="0.041" /><testcase classname="tests.governance.master_index_audit.test_PCI_001_1_intelligent_master_index_auditor" name="test_outputs" time="0.261" /><testcase classname="tests.governance.master_index_audit.test_PCI_001_1_intelligent_master_index_auditor" name="test_graph" time="0.236" /><testcase classname="tests.documentation.test_SGD_115_master_documentation" name="test_SGD_115_descubre_componentes" time="0.071" /><testcase classname="tests.documentation.test_SGD_115_master_documentation" name="test_SGD_115_genera_tres_documentos" time="0.065" /><testcase classname="tests.documentation.test_SGD_115_master_documentation" name="test_SGD_115_indice_contiene_componente" time="0.063" /><testcase classname="tests.documentation.test_SGD_115_master_documentation" name="test_SGD_115_arquitectura_contiene_capas" time="0.059" /><testcase classname="tests.documentation.test_SGD_115_master_documentation" name="test_SGD_115_registro_contiene_trazabilidad" time="0.046" /><testcase classname="tests.documentation.test_SGD_115_master_documentation" name="test_SGD_115_validacion_aprobada" time="0.069" /><testcase classname="tests.documentation.test_SGD_115_master_documentation" name="test_SGD_115_detecta_documento_faltante" time="0.076" /><testcase classname="tests.documentation.test_SGD_115_master_documentation" name="test_SGD_115_publica_inventario_evento_y_validacion" time="0.100" /><testcase classname="tests.roadmap.test_SGD_116_master_ecosystem_roadmap" name="test_SGD_116_discovers_component" time="0.047" /><testcase classname="tests.roadmap.test_SGD_116_master_ecosystem_roadmap" name="test_SGD_116_discovers_assets" time="0.023" /><testcase classname="tests.roadmap.test_SGD_116_master_ecosystem_roadmap" name="test_SGD_116_builds_dependency_graph" time="0.001" /><testcase classname="tests.roadmap.test_SGD_116_master_ecosystem_roadmap" name="test_SGD_116_detects_missing_dependency" time="0.001" /><testcase classname="tests.roadmap.test_SGD_116_master_ecosystem_roadmap" name="test_SGD_116_detects_cycle" time="0.001" /><testcase classname="tests.roadmap.test_SGD_116_master_ecosystem_roadmap" name="test_SGD_116_calculates_metrics" time="0.039" /><testcase classname="tests.roadmap.test_SGD_116_master_ecosystem_roadmap" name="test_SGD_116_generates_master_documents" time="0.195" /><testcase classname="tests.roadmap.test_SGD_116_master_ecosystem_roadmap" name="test_SGD_116_generates_dashboard" time="0.169" /><testcase classname="tests.roadmap.test_SGD_116_master_ecosystem_roadmap" name="test_SGD_116_validation_passes" time="0.195" /><testcase classname="tests.roadmap.test_SGD_116_master_ecosystem_roadmap" name="test_SGD_116_validation_detects_broken_path" time="0.183" /><testcase classname="tests.roadmap.test_SGD_116_master_ecosystem_roadmap" name="test_SGD_116_executive_summary_is_approved" time="0.141" /><testcase classname="tests.roadmap.test_SGD_116_master_ecosystem_roadmap" name="test_SGD_116_is_idempotent" time="0.311" /><testcase classname="tests.roadmap.test_SGD_116_master_ecosystem_roadmap" name="test_SGD_116_normalizes_versioned_governance_dependencies" time="0.001" /><testcase classname="tests.roadmap.test_SGD_116_master_ecosystem_roadmap" name="test_SGD_116_discovers_SGD_114_canonical_anchor" time="0.039" /><testcase classname="tests.roadmap.test_SGD_116_master_ecosystem_roadmap" name="test_SGD_116_canonicalizes_all_supported_version_suffixes" time="0.001" /><testcase classname="tests.roadmap.test_SGD_116_master_ecosystem_roadmap" name="test_SGD_116_finds_repository_evidence_for_historical_code" time="0.007" /><testcase classname="tests.roadmap.test_SGD_116_master_ecosystem_roadmap" name="test_SGD_116_resolves_historical_dependency_with_evidence" time="0.046" /><testcase classname="tests.roadmap.test_SGD_116_master_ecosystem_roadmap" name="test_SGD_116_still_blocks_dependency_without_evidence" time="0.037" /><testcase classname="tests.governance.repository_manager.test_SGD_117_repository_manager" name="test_audit_detects_absent_component" time="0.056" /><testcase classname="tests.governance.repository_manager.test_SGD_117_repository_manager" name="test_audit_detects_registered_component" time="0.043" /><testcase classname="tests.governance.repository_manager.test_SGD_117_repository_manager" name="test_inventory_hashes_assets" time="0.081" /><testcase classname="tests.governance.repository_manager.test_SGD_117_repository_manager" name="test_validation_accepts_complete_repository" time="0.023" /><testcase classname="tests.governance.repository_manager.test_SGD_117_repository_manager" name="test_validation_blocks_missing_master_document" time="0.022" /><testcase classname="tests.governance.repository_manager.test_SGD_117_repository_manager" name="test_validation_detects_invalid_json" time="0.023" /><testcase classname="tests.governance.repository_manager.test_SGD_117_repository_manager" name="test_report_contains_category_counts" time="0.054" /></testsuite></testsuites>