<?xml version="1.0" encoding="utf-8"?><testsuites name="pytest tests"><testsuite name="pytest" errors="0" failures="0" skipped="0" tests="71" time="5.715" timestamp="2026-08-03T22:38:11.162688-05:00" hostname="LAPTOP-9I20DTU7"><testcase classname="tests.governance.master_index_sync.test_PCI_001_2_master_index_synchronizer" name="test_scan_uses_only_component_descriptors" time="0.023" /><testcase classname="tests.governance.master_index_sync.test_PCI_001_2_master_index_synchronizer" name="test_block_contains_structural_code" time="0.009" /><testcase classname="tests.governance.master_index_sync.test_PCI_001_2_master_index_synchronizer" name="test_manual_content_is_preserved" time="0.035" /><testcase classname="tests.governance.master_index_sync.test_PCI_001_2_master_index_synchronizer" name="test_backup_is_created" time="0.016" /><testcase classname="tests.governance.master_index_sync.test_PCI_001_2_master_index_synchronizer" name="test_preview_does_not_modify_index" time="0.017" /><testcase classname="tests.governance.master_index_sync.test_PCI_001_2_master_index_synchronizer" name="test_second_apply_is_idempotent" time="0.037" /><testcase classname="tests.governance.master_index_sync.test_PCI_001_2_master_index_synchronizer" name="test_unbalanced_markers_are_rejected" time="0.000" /><testcase classname="tests.governance.master_index_sync.test_PCI_001_2_master_index_synchronizer" name="test_multiple_managed_blocks_are_rejected" time="0.000" /><testcase classname="tests.governance.master_index_sync.test_PCI_001_2_master_index_synchronizer" name="test_historical_increment_is_separated" time="0.031" /><testcase classname="tests.governance.master_index_sync.test_PCI_001_2_master_index_synchronizer" name="test_report_is_json_serializable" time="0.016" /><testcase classname="tests.governance.master_index_sync.test_PCI_001_2_master_index_synchronizer" name="test_all_components_are_indexed" time="0.016" /><testcase classname="tests.governance.master_index_sync.test_PCI_001_2_master_index_synchronizer" name="test_missing_index_is_rejected" time="0.009" /><testcase classname="tests.governance.master_index_audit.test_PCI_001_master_index_audit" name="test_codes" time="0.000" /><testcase classname="tests.governance.master_index_audit.test_PCI_001_master_index_audit" name="test_scan" time="0.009" /><testcase classname="tests.governance.master_index_audit.test_PCI_001_master_index_audit" name="test_complete" time="0.973" /><testcase classname="tests.governance.master_index_audit.test_PCI_001_master_index_audit" name="test_missing_master" time="0.194" /><testcase classname="tests.governance.master_index_audit.test_PCI_001_master_index_audit" name="test_invalid_json" time="0.237" /><testcase classname="tests.governance.master_index_audit.test_PCI_001_master_index_audit" name="test_duplicate" time="0.196" /><testcase classname="tests.governance.master_index_audit.test_PCI_001_master_index_audit" name="test_registry_gap_warning" time="0.207" /><testcase classname="tests.governance.master_index_audit.test_PCI_001_master_index_audit" name="test_broken_link" time="0.010" /><testcase classname="tests.governance.master_index_audit.test_PCI_001_master_index_audit" name="test_external_link" time="0.010" /><testcase classname="tests.governance.master_index_audit.test_PCI_001_master_index_audit" name="test_reports" time="0.184" /><testcase classname="tests.governance.master_index_audit.test_PCI_001_master_index_audit" name="test_metrics" time="0.188" /><testcase classname="tests.governance.master_index_audit.test_PCI_001_master_index_audit" name="test_unknown_registry" time="0.227" /><testcase classname="tests.governance.master_index_audit.test_PCI_001_1_intelligent_master_index_auditor" name="test_policy_not_component" time="0.018" /><testcase classname="tests.governance.master_index_audit.test_PCI_001_1_intelligent_master_index_auditor" name="test_filename_fragments_rejected" time="0.000" /><testcase classname="tests.governance.master_index_audit.test_PCI_001_1_intelligent_master_index_auditor" name="test_structural_codes" time="0.001" /><testcase classname="tests.governance.master_index_audit.test_PCI_001_1_intelligent_master_index_auditor" name="test_complete_approved" time="0.199" /><testcase classname="tests.governance.master_index_audit.test_PCI_001_1_intelligent_master_index_auditor" name="test_release_no_double_version" time="0.177" /><testcase classname="tests.governance.master_index_audit.test_PCI_001_1_intelligent_master_index_auditor" name="test_historical_classification" time="0.192" /><testcase classname="tests.governance.master_index_audit.test_PCI_001_1_intelligent_master_index_auditor" name="test_true_duplicate_critical" time="0.193" /><testcase classname="tests.governance.master_index_audit.test_PCI_001_1_intelligent_master_index_auditor" name="test_policy_not_duplicate" time="0.243" /><testcase classname="tests.governance.master_index_audit.test_PCI_001_1_intelligent_master_index_auditor" name="test_semantic" time="0.198" /><testcase classname="tests.governance.master_index_audit.test_PCI_001_1_intelligent_master_index_auditor" name="test_broken_link" time="0.178" /><testcase classname="tests.governance.master_index_audit.test_PCI_001_1_intelligent_master_index_auditor" name="test_backward_compatibility" time="0.185" /><testcase classname="tests.governance.master_index_audit.test_PCI_001_1_intelligent_master_index_auditor" name="test_external_ignored" time="0.008" /><testcase classname="tests.governance.master_index_audit.test_PCI_001_1_intelligent_master_index_auditor" name="test_outputs" time="0.194" /><testcase classname="tests.governance.master_index_audit.test_PCI_001_1_intelligent_master_index_auditor" name="test_graph" time="0.199" /><testcase classname="tests.documentation.test_SGD_115_master_documentation" name="test_SGD_115_descubre_componentes" time="0.014" /><testcase classname="tests.documentation.test_SGD_115_master_documentation" name="test_SGD_115_genera_tres_documentos" time="0.014" /><testcase classname="tests.documentation.test_SGD_115_master_documentation" name="test_SGD_115_indice_contiene_componente" time="0.015" /><testcase classname="tests.documentation.test_SGD_115_master_documentation" name="test_SGD_115_arquitectura_contiene_capas" time="0.014" /><testcase classname="tests.documentation.test_SGD_115_master_documentation" name="test_SGD_115_registro_contiene_trazabilidad" time="0.015" /><testcase classname="tests.documentation.test_SGD_115_master_documentation" name="test_SGD_115_validacion_aprobada" time="0.023" /><testcase classname="tests.documentation.test_SGD_115_master_documentation" name="test_SGD_115_detecta_documento_faltante" time="0.036" /><testcase classname="tests.documentation.test_SGD_115_master_documentation" name="test_SGD_115_publica_inventario_evento_y_validacion" time="0.035" /><testcase classname="tests.roadmap.test_SGD_116_master_ecosystem_roadmap" name="test_SGD_116_discovers_component" time="0.015" /><testcase classname="tests.roadmap.test_SGD_116_master_ecosystem_roadmap" name="test_SGD_116_discovers_assets" time="0.009" /><testcase classname="tests.roadmap.test_SGD_116_master_ecosystem_roadmap" name="test_SGD_116_builds_dependency_graph" time="0.000" /><testcase classname="tests.roadmap.test_SGD_116_master_ecosystem_roadmap" name="test_SGD_116_detects_missing_dependency" time="0.000" /><testcase classname="tests.roadmap.test_SGD_116_master_ecosystem_roadmap" name="test_SGD_116_detects_cycle" time="0.000" /><testcase classname="tests.roadmap.test_SGD_116_master_ecosystem_roadmap" name="test_SGD_116_calculates_metrics" time="0.012" /><testcase classname="tests.roadmap.test_SGD_116_master_ecosystem_roadmap" name="test_SGD_116_generates_master_documents" time="0.088" /><testcase classname="tests.roadmap.test_SGD_116_master_ecosystem_roadmap" name="test_SGD_116_generates_dashboard" time="0.073" /><testcase classname="tests.roadmap.test_SGD_116_master_ecosystem_roadmap" name="test_SGD_116_validation_passes" time="0.076" /><testcase classname="tests.roadmap.test_SGD_116_master_ecosystem_roadmap" name="test_SGD_116_validation_detects_broken_path" time="0.083" /><testcase classname="tests.roadmap.test_SGD_116_master_ecosystem_roadmap" name="test_SGD_116_executive_summary_is_approved" time="0.069" /><testcase classname="tests.roadmap.test_SGD_116_master_ecosystem_roadmap" name="test_SGD_116_is_idempotent" time="0.141" /><testcase classname="tests.roadmap.test_SGD_116_master_ecosystem_roadmap" name="test_SGD_116_normalizes_versioned_governance_dependencies" time="0.000" /><testcase classname="tests.roadmap.test_SGD_116_master_ecosystem_roadmap" name="test_SGD_116_discovers_SGD_114_canonical_anchor" time="0.011" /><testcase classname="tests.roadmap.test_SGD_116_master_ecosystem_roadmap" name="test_SGD_116_canonicalizes_all_supported_version_suffixes" time="0.000" /><testcase classname="tests.roadmap.test_SGD_116_master_ecosystem_roadmap" name="test_SGD_116_finds_repository_evidence_for_historical_code" time="0.005" /><testcase classname="tests.roadmap.test_SGD_116_master_ecosystem_roadmap" name="test_SGD_116_resolves_historical_dependency_with_evidence" time="0.009" /><testcase classname="tests.roadmap.test_SGD_116_master_ecosystem_roadmap" name="test_SGD_116_still_blocks_dependency_without_evidence" time="0.009" /><testcase classname="tests.governance.repository_manager.test_SGD_117_repository_manager" name="test_audit_detects_absent_component" time="0.028" /><testcase classname="tests.governance.repository_manager.test_SGD_117_repository_manager" name="test_audit_detects_registered_component" time="0.012" /><testcase classname="tests.governance.repository_manager.test_SGD_117_repository_manager" name="test_inventory_hashes_assets" time="0.039" /><testcase classname="tests.governance.repository_manager.test_SGD_117_repository_manager" name="test_validation_accepts_complete_repository" time="0.009" /><testcase classname="tests.governance.repository_manager.test_SGD_117_repository_manager" name="test_validation_blocks_missing_master_document" time="0.009" /><testcase classname="tests.governance.repository_manager.test_SGD_117_repository_manager" name="test_validation_detects_invalid_json" time="0.010" /><testcase classname="tests.governance.repository_manager.test_SGD_117_repository_manager" name="test_report_contains_category_counts" time="0.049" /></testsuite></testsuites>