<?xml version="1.0" encoding="utf-8"?><testsuites name="pytest tests"><testsuite name="pytest" errors="0" failures="0" skipped="0" tests="59" time="4.600" timestamp="2026-08-03T22:18:47.508187-05:00" hostname="LAPTOP-9I20DTU7"><testcase classname="tests.governance.master_index_audit.test_PCI_001_master_index_audit" name="test_codes" time="0.000" /><testcase classname="tests.governance.master_index_audit.test_PCI_001_master_index_audit" name="test_scan" time="0.012" /><testcase classname="tests.governance.master_index_audit.test_PCI_001_master_index_audit" name="test_complete" time="0.201" /><testcase classname="tests.governance.master_index_audit.test_PCI_001_master_index_audit" name="test_missing_master" time="0.183" /><testcase classname="tests.governance.master_index_audit.test_PCI_001_master_index_audit" name="test_invalid_json" time="0.176" /><testcase classname="tests.governance.master_index_audit.test_PCI_001_master_index_audit" name="test_duplicate" time="0.179" /><testcase classname="tests.governance.master_index_audit.test_PCI_001_master_index_audit" name="test_registry_gap_warning" time="0.181" /><testcase classname="tests.governance.master_index_audit.test_PCI_001_master_index_audit" name="test_broken_link" time="0.009" /><testcase classname="tests.governance.master_index_audit.test_PCI_001_master_index_audit" name="test_external_link" time="0.005" /><testcase classname="tests.governance.master_index_audit.test_PCI_001_master_index_audit" name="test_reports" time="0.185" /><testcase classname="tests.governance.master_index_audit.test_PCI_001_master_index_audit" name="test_metrics" time="0.211" /><testcase classname="tests.governance.master_index_audit.test_PCI_001_master_index_audit" name="test_unknown_registry" time="0.188" /><testcase classname="tests.governance.master_index_audit.test_PCI_001_1_intelligent_master_index_auditor" name="test_policy_not_component" time="0.010" /><testcase classname="tests.governance.master_index_audit.test_PCI_001_1_intelligent_master_index_auditor" name="test_filename_fragments_rejected" time="0.000" /><testcase classname="tests.governance.master_index_audit.test_PCI_001_1_intelligent_master_index_auditor" name="test_structural_codes" time="0.000" /><testcase classname="tests.governance.master_index_audit.test_PCI_001_1_intelligent_master_index_auditor" name="test_complete_approved" time="0.180" /><testcase classname="tests.governance.master_index_audit.test_PCI_001_1_intelligent_master_index_auditor" name="test_release_no_double_version" time="0.174" /><testcase classname="tests.governance.master_index_audit.test_PCI_001_1_intelligent_master_index_auditor" name="test_historical_classification" time="0.186" /><testcase classname="tests.governance.master_index_audit.test_PCI_001_1_intelligent_master_index_auditor" name="test_true_duplicate_critical" time="0.244" /><testcase classname="tests.governance.master_index_audit.test_PCI_001_1_intelligent_master_index_auditor" name="test_policy_not_duplicate" time="0.179" /><testcase classname="tests.governance.master_index_audit.test_PCI_001_1_intelligent_master_index_auditor" name="test_semantic" time="0.182" /><testcase classname="tests.governance.master_index_audit.test_PCI_001_1_intelligent_master_index_auditor" name="test_broken_link" time="0.178" /><testcase classname="tests.governance.master_index_audit.test_PCI_001_1_intelligent_master_index_auditor" name="test_backward_compatibility" time="0.176" /><testcase classname="tests.governance.master_index_audit.test_PCI_001_1_intelligent_master_index_auditor" name="test_external_ignored" time="0.007" /><testcase classname="tests.governance.master_index_audit.test_PCI_001_1_intelligent_master_index_auditor" name="test_outputs" time="0.191" /><testcase classname="tests.governance.master_index_audit.test_PCI_001_1_intelligent_master_index_auditor" name="test_graph" time="0.219" /><testcase classname="tests.documentation.test_SGD_115_master_documentation" name="test_SGD_115_descubre_componentes" time="0.011" /><testcase classname="tests.documentation.test_SGD_115_master_documentation" name="test_SGD_115_genera_tres_documentos" time="0.013" /><testcase classname="tests.documentation.test_SGD_115_master_documentation" name="test_SGD_115_indice_contiene_componente" time="0.016" /><testcase classname="tests.documentation.test_SGD_115_master_documentation" name="test_SGD_115_arquitectura_contiene_capas" time="0.016" /><testcase classname="tests.documentation.test_SGD_115_master_documentation" name="test_SGD_115_registro_contiene_trazabilidad" time="0.013" /><testcase classname="tests.documentation.test_SGD_115_master_documentation" name="test_SGD_115_validacion_aprobada" time="0.019" /><testcase classname="tests.documentation.test_SGD_115_master_documentation" name="test_SGD_115_detecta_documento_faltante" time="0.018" /><testcase classname="tests.documentation.test_SGD_115_master_documentation" name="test_SGD_115_publica_inventario_evento_y_validacion" time="0.049" /><testcase classname="tests.roadmap.test_SGD_116_master_ecosystem_roadmap" name="test_SGD_116_discovers_component" time="0.016" /><testcase classname="tests.roadmap.test_SGD_116_master_ecosystem_roadmap" name="test_SGD_116_discovers_assets" time="0.010" /><testcase classname="tests.roadmap.test_SGD_116_master_ecosystem_roadmap" name="test_SGD_116_builds_dependency_graph" time="0.000" /><testcase classname="tests.roadmap.test_SGD_116_master_ecosystem_roadmap" name="test_SGD_116_detects_missing_dependency" time="0.000" /><testcase classname="tests.roadmap.test_SGD_116_master_ecosystem_roadmap" name="test_SGD_116_detects_cycle" time="0.000" /><testcase classname="tests.roadmap.test_SGD_116_master_ecosystem_roadmap" name="test_SGD_116_calculates_metrics" time="0.015" /><testcase classname="tests.roadmap.test_SGD_116_master_ecosystem_roadmap" name="test_SGD_116_generates_master_documents" time="0.076" /><testcase classname="tests.roadmap.test_SGD_116_master_ecosystem_roadmap" name="test_SGD_116_generates_dashboard" time="0.077" /><testcase classname="tests.roadmap.test_SGD_116_master_ecosystem_roadmap" name="test_SGD_116_validation_passes" time="0.108" /><testcase classname="tests.roadmap.test_SGD_116_master_ecosystem_roadmap" name="test_SGD_116_validation_detects_broken_path" time="0.122" /><testcase classname="tests.roadmap.test_SGD_116_master_ecosystem_roadmap" name="test_SGD_116_executive_summary_is_approved" time="0.081" /><testcase classname="tests.roadmap.test_SGD_116_master_ecosystem_roadmap" name="test_SGD_116_is_idempotent" time="0.188" /><testcase classname="tests.roadmap.test_SGD_116_master_ecosystem_roadmap" name="test_SGD_116_normalizes_versioned_governance_dependencies" time="0.001" /><testcase classname="tests.roadmap.test_SGD_116_master_ecosystem_roadmap" name="test_SGD_116_discovers_SGD_114_canonical_anchor" time="0.022" /><testcase classname="tests.roadmap.test_SGD_116_master_ecosystem_roadmap" name="test_SGD_116_canonicalizes_all_supported_version_suffixes" time="0.001" /><testcase classname="tests.roadmap.test_SGD_116_master_ecosystem_roadmap" name="test_SGD_116_finds_repository_evidence_for_historical_code" time="0.008" /><testcase classname="tests.roadmap.test_SGD_116_master_ecosystem_roadmap" name="test_SGD_116_resolves_historical_dependency_with_evidence" time="0.021" /><testcase classname="tests.roadmap.test_SGD_116_master_ecosystem_roadmap" name="test_SGD_116_still_blocks_dependency_without_evidence" time="0.011" /><testcase classname="tests.governance.repository_manager.test_SGD_117_repository_manager" name="test_audit_detects_absent_component" time="0.014" /><testcase classname="tests.governance.repository_manager.test_SGD_117_repository_manager" name="test_audit_detects_registered_component" time="0.020" /><testcase classname="tests.governance.repository_manager.test_SGD_117_repository_manager" name="test_inventory_hashes_assets" time="0.015" /><testcase classname="tests.governance.repository_manager.test_SGD_117_repository_manager" name="test_validation_accepts_complete_repository" time="0.007" /><testcase classname="tests.governance.repository_manager.test_SGD_117_repository_manager" name="test_validation_blocks_missing_master_document" time="0.008" /><testcase classname="tests.governance.repository_manager.test_SGD_117_repository_manager" name="test_validation_detects_invalid_json" time="0.009" /><testcase classname="tests.governance.repository_manager.test_SGD_117_repository_manager" name="test_report_contains_category_counts" time="0.022" /></testsuite></testsuites>