<?xml version="1.0" encoding="utf-8"?><testsuites name="pytest tests"><testsuite name="pytest" errors="0" failures="0" skipped="0" tests="21" time="0.062" timestamp="2026-08-02T22:32:43.438917-05:00" hostname="LAPTOP-9I20DTU7"><testcase classname="tests.adaptive_assessment.test_SPT_015_adaptive_assessment_engine" name="test_SPT_015_registers_item" time="0.000" /><testcase classname="tests.adaptive_assessment.test_SPT_015_adaptive_assessment_engine" name="test_SPT_015_rejects_invalid_id" time="0.000" /><testcase classname="tests.adaptive_assessment.test_SPT_015_adaptive_assessment_engine" name="test_SPT_015_rejects_invalid_entry_id" time="0.001" /><testcase classname="tests.adaptive_assessment.test_SPT_015_adaptive_assessment_engine" name="test_SPT_015_rejects_invalid_type" time="0.001" /><testcase classname="tests.adaptive_assessment.test_SPT_015_adaptive_assessment_engine" name="test_SPT_015_rejects_invalid_difficulty" time="0.000" /><testcase classname="tests.adaptive_assessment.test_SPT_015_adaptive_assessment_engine" name="test_SPT_015_detects_duplicate_id" time="0.000" /><testcase classname="tests.adaptive_assessment.test_SPT_015_adaptive_assessment_engine" name="test_SPT_015_scores_correct_answer" time="0.000" /><testcase classname="tests.adaptive_assessment.test_SPT_015_adaptive_assessment_engine" name="test_SPT_015_scores_incorrect_answer" time="0.001" /><testcase classname="tests.adaptive_assessment.test_SPT_015_adaptive_assessment_engine" name="test_SPT_015_mastery_is_zero_without_attempts" time="0.000" /><testcase classname="tests.adaptive_assessment.test_SPT_015_adaptive_assessment_engine" name="test_SPT_015_mastery_is_weighted" time="0.000" /><testcase classname="tests.adaptive_assessment.test_SPT_015_adaptive_assessment_engine" name="test_SPT_015_recommends_low_difficulty" time="0.000" /><testcase classname="tests.adaptive_assessment.test_SPT_015_adaptive_assessment_engine" name="test_SPT_015_recommends_high_difficulty" time="0.000" /><testcase classname="tests.adaptive_assessment.test_SPT_015_adaptive_assessment_engine" name="test_SPT_015_selects_validated_item" time="0.000" /><testcase classname="tests.adaptive_assessment.test_SPT_015_adaptive_assessment_engine" name="test_SPT_015_next_item_works" time="0.000" /><testcase classname="tests.adaptive_assessment.test_SPT_015_adaptive_assessment_engine" name="test_SPT_015_submits_correct_answer" time="0.000" /><testcase classname="tests.adaptive_assessment.test_SPT_015_adaptive_assessment_engine" name="test_SPT_015_submits_incorrect_answer" time="0.000" /><testcase classname="tests.adaptive_assessment.test_SPT_015_adaptive_assessment_engine" name="test_SPT_015_reports_history" time="0.000" /><testcase classname="tests.adaptive_assessment.test_SPT_015_adaptive_assessment_engine" name="test_SPT_015_reports_stats" time="0.000" /><testcase classname="tests.adaptive_assessment.test_SPT_015_adaptive_assessment_engine" name="test_SPT_015_exports_result" time="0.007" /><testcase classname="tests.adaptive_assessment.test_SPT_015_adaptive_assessment_engine" name="test_SPT_015_preserves_no_invention" time="0.000" /><testcase classname="tests.adaptive_assessment.test_SPT_015_adaptive_assessment_engine" name="test_SPT_015_rejects_unknown_operation" time="0.001" /></testsuite></testsuites>