<?xml version="1.0" encoding="utf-8"?><testsuites name="pytest tests"><testsuite name="pytest" errors="0" failures="4" skipped="0" tests="42" time="0.414" timestamp="2026-08-02T23:47:19.302588-05:00" hostname="LAPTOP-9I20DTU7"><testcase classname="tests.governance.test_SGD_114E_native_ecosystem_architecture_policy" name="test_SGD_114E_identifies_SPT_007_as_native" time="0.000" /><testcase classname="tests.governance.test_SGD_114E_native_ecosystem_architecture_policy" name="test_SGD_114E_identifies_later_SPT_as_native" time="0.000" /><testcase classname="tests.governance.test_SGD_114E_native_ecosystem_architecture_policy" name="test_SGD_114E_excludes_earlier_SPT" time="0.000" /><testcase classname="tests.governance.test_SGD_114E_native_ecosystem_architecture_policy" name="test_SGD_114E_normalizes_native_metadata" time="0.000" /><testcase classname="tests.governance.test_SGD_114E_native_ecosystem_architecture_policy" name="test_SGD_114E_approves_native_component" time="0.016" /><testcase classname="tests.governance.test_SGD_114E_native_ecosystem_architecture_policy" name="test_SGD_114E_blocks_missing_native_declaration" time="0.007" /><testcase classname="tests.governance.test_SGD_114E_native_ecosystem_architecture_policy" name="test_SGD_114E_blocks_mandatory_proprietary_dependency" time="0.006" /><testcase classname="tests.governance.test_SGD_114E_native_ecosystem_architecture_policy" name="test_SGD_114E_blocks_forbidden_terminology" time="0.007" /><testcase classname="tests.governance.test_SGD_114E_native_ecosystem_architecture_policy" name="test_SGD_114E_accepts_native_terminology" time="0.008" /><testcase classname="tests.governance.test_SGD_114E_native_ecosystem_architecture_policy" name="test_SGD_114E_ignores_non_native_components" time="0.007" /><testcase classname="tests.governance.test_SGD_114E_native_ecosystem_architecture_policy" name="test_SGD_114E_is_deterministic" time="0.009" /><testcase classname="tests.governance.test_SGD_114E_native_ecosystem_architecture_policy" name="test_SGD_114E_exit_code_is_zero_when_approved" time="0.003"><failure message="AttributeError: exit_code">self = {'policy': 'SGD-114E', 'version': '1.0.3', 'implementation_version': '1.0.6', 'approved': True, 'result': 'APROBADO', ...butes': True, 'mapping_access': True, 'to_dict': True, 'contract_version': '1.0.3', 'implementation_version': '1.0.6'}}
name = 'exit_code'

    def __getattr__(self, name: str) -&gt; Any:
        aliases = {
            "component_count": "native_component_count",
            "proprietary_dependency_count": (
                "mandatory_proprietary_dependency_count"
            ),
        }
    
        if name == "version":
            return self.get(
                "implementation_version",
                self.get("version"),
            )
    
        key = aliases.get(name, name)
    
        try:
&gt;           return self[key]
                   ^^^^^^^^^
E           KeyError: 'exit_code'

src\sgoda\governance\native_ecosystem_models.py:56: KeyError

The above exception was the direct cause of the following exception:

tmp_path = WindowsPath('C:/Users/Lida Silva Acevedo/AppData/Local/Temp/pytest-of-Lida Silva Acevedo/pytest-292/test_SGD_114E_exit_code_is_zer0')

    def test_SGD_114E_exit_code_is_zero_when_approved(
        tmp_path: Path,
    ) -&gt; None:
        result = evaluate_native_ecosystem(tmp_path)
    
        assert result.approved is True
&gt;       assert result.exit_code == 0
               ^^^^^^^^^^^^^^^^

tests\governance\test_SGD_114E_native_ecosystem_architecture_policy.py:196: 
_ _ _ _ _ _ _ _ _ _ _ _ _ _ _ _ _ _ _ _ _ _ _ _ _ _ _ _ _ _ _ _ _ _ _ _ _ _ _ _ _ _ _ _ _ _ _ _ _ _ _ _ _ _ _ _ _ _ _

self = {'policy': 'SGD-114E', 'version': '1.0.3', 'implementation_version': '1.0.6', 'approved': True, 'result': 'APROBADO', ...butes': True, 'mapping_access': True, 'to_dict': True, 'contract_version': '1.0.3', 'implementation_version': '1.0.6'}}
name = 'exit_code'

    def __getattr__(self, name: str) -&gt; Any:
        aliases = {
            "component_count": "native_component_count",
            "proprietary_dependency_count": (
                "mandatory_proprietary_dependency_count"
            ),
        }
    
        if name == "version":
            return self.get(
                "implementation_version",
                self.get("version"),
            )
    
        key = aliases.get(name, name)
    
        try:
            return self[key]
        except KeyError as error:
&gt;           raise AttributeError(name) from error
E           AttributeError: exit_code

src\sgoda\governance\native_ecosystem_models.py:58: AttributeError</failure></testcase><testcase classname="tests.governance.test_SGD_114E_v1_0_3_approval_logic_fix" name="test_approves_valid_native_ecosystem" time="0.006" /><testcase classname="tests.governance.test_SGD_114E_v1_0_3_approval_logic_fix" name="test_rejects_without_native_components" time="0.009"><failure message="KeyError: 'has_native_components'">tmp_path = WindowsPath('C:/Users/Lida Silva Acevedo/AppData/Local/Temp/pytest-of-Lida Silva Acevedo/pytest-292/test_rejects_without_native_co0')

    def test_rejects_without_native_components(
        tmp_path: Path,
    ) -&gt; None:
        _write_component(tmp_path, native=False)
    
        result = evaluate_native_ecosystem(tmp_path)
    
        assert result["approved"] is False
&gt;       assert result["criteria"]["has_native_components"] is False
               ^^^^^^^^^^^^^^^^^^^^^^^^^^^^^^^^^^^^^^^^^^^
E       KeyError: 'has_native_components'

tests\governance\test_SGD_114E_v1_0_3_approval_logic_fix.py:53: KeyError</failure></testcase><testcase classname="tests.governance.test_SGD_114E_v1_0_3_approval_logic_fix" name="test_rejects_proprietary_dependency" time="0.007" /><testcase classname="tests.governance.test_SGD_114E_v1_0_3_approval_logic_fix" name="test_rejects_forbidden_term" time="0.008" /><testcase classname="tests.governance.test_SGD_114E_v1_0_3_approval_logic_fix" name="test_rejects_invalid_json" time="0.005" /><testcase classname="tests.governance.test_SGD_114E_v1_0_3_approval_logic_fix" name="test_decision_rule_uses_all_criteria" time="0.008" /><testcase classname="tests.governance.test_SGD_114E_v1_0_3_approval_logic_fix" name="test_counts_native_components" time="0.008" /><testcase classname="tests.governance.test_SGD_114E_v1_0_3_approval_logic_fix" name="test_returns_version_1_0_3" time="0.006" /><testcase classname="tests.governance.test_SGD_114E_v1_0_3_approval_logic_fix" name="test_empty_dependency_list_is_valid" time="0.006" /><testcase classname="tests.governance.test_SGD_114E_v1_0_3_approval_logic_fix" name="test_none_dependency_list_is_valid" time="0.007" /><testcase classname="tests.governance.test_SGD_114E_v1_0_5_backward_compatibility_result_model" name="test_result_supports_attribute_access" time="0.006" /><testcase classname="tests.governance.test_SGD_114E_v1_0_5_backward_compatibility_result_model" name="test_result_supports_mapping_access" time="0.005" /><testcase classname="tests.governance.test_SGD_114E_v1_0_5_backward_compatibility_result_model" name="test_result_supports_to_dict" time="0.007" /><testcase classname="tests.governance.test_SGD_114E_v1_0_5_backward_compatibility_result_model" name="test_result_is_dict_subclass" time="0.005" /><testcase classname="tests.governance.test_SGD_114E_v1_0_5_backward_compatibility_result_model" name="test_attribute_and_mapping_values_match" time="0.009"><failure message="AssertionError: assert ['SPT-016A'] == ('SPT-016A',)&#10;  &#10;  Use -v to get more diff">tmp_path = WindowsPath('C:/Users/Lida Silva Acevedo/AppData/Local/Temp/pytest-of-Lida Silva Acevedo/pytest-292/test_attribute_and_mapping_val0')

    def test_attribute_and_mapping_values_match(
        tmp_path: Path,
    ) -&gt; None:
        _write_component(tmp_path)
        result = evaluate_native_ecosystem(tmp_path)
    
        assert result.approved == result["approved"]
&gt;       assert result.native_components == tuple(
            result["native_components"]
        )
E       AssertionError: assert ['SPT-016A'] == ('SPT-016A',)
E         
E         Use -v to get more diff

tests\governance\test_SGD_114E_v1_0_5_backward_compatibility_result_model.py:80: AssertionError</failure></testcase><testcase classname="tests.governance.test_SGD_114E_v1_0_5_backward_compatibility_result_model" name="test_copy_preserves_result_model" time="0.005" /><testcase classname="tests.governance.test_SGD_114E_v1_0_5_backward_compatibility_result_model" name="test_missing_attribute_raises_attribute_error" time="0.000" /><testcase classname="tests.governance.test_SGD_114E_v1_0_5_backward_compatibility_result_model" name="test_set_attribute_updates_mapping" time="0.001" /><testcase classname="tests.governance.test_SGD_114E_v1_0_5_backward_compatibility_result_model" name="test_to_dict_returns_independent_copy" time="0.000" /><testcase classname="tests.governance.test_SGD_114E_v1_0_5_backward_compatibility_result_model" name="test_version_is_1_0_5" time="0.008"><failure message="AssertionError: assert '1.0.6' == '1.0.5'&#10;  &#10;  #x1B[0m#x1B[91m- 1.0.5#x1B[39;49;00m#x1B[90m#x1B[39;49;00m&#10;  ?     ^#x1B[90m#x1B[39;49;00m&#10;  #x1B[92m+ 1.0.6#x1B[39;49;00m#x1B[90m#x1B[39;49;00m&#10;  ?     ^#x1B[90m#x1B[39;49;00m">tmp_path = WindowsPath('C:/Users/Lida Silva Acevedo/AppData/Local/Temp/pytest-of-Lida Silva Acevedo/pytest-292/test_version_is_1_0_50')

    def test_version_is_1_0_5(
        tmp_path: Path,
    ) -&gt; None:
        _write_component(tmp_path)
        result = evaluate_native_ecosystem(tmp_path)
    
&gt;       assert result.version == "1.0.5"
E       AssertionError: assert '1.0.6' == '1.0.5'
E         
E         #x1B[0m#x1B[91m- 1.0.5#x1B[39;49;00m#x1B[90m#x1B[39;49;00m
E         ?     ^#x1B[90m#x1B[39;49;00m
E         #x1B[92m+ 1.0.6#x1B[39;49;00m#x1B[90m#x1B[39;49;00m
E         ?     ^#x1B[90m#x1B[39;49;00m

tests\governance\test_SGD_114E_v1_0_5_backward_compatibility_result_model.py:140: AssertionError</failure></testcase><testcase classname="tests.governance.test_SGD_114E_v1_0_6_definitive_contract_restoration" name="test_contract_and_implementation_versions" time="0.002" /><testcase classname="tests.governance.test_SGD_114E_v1_0_6_definitive_contract_restoration" name="test_empty_repository_is_approved" time="0.003" /><testcase classname="tests.governance.test_SGD_114E_v1_0_6_definitive_contract_restoration" name="test_legacy_component_is_ignored" time="0.007" /><testcase classname="tests.governance.test_SGD_114E_v1_0_6_definitive_contract_restoration" name="test_governed_component_requires_native_flag" time="0.018" /><testcase classname="tests.governance.test_SGD_114E_v1_0_6_definitive_contract_restoration" name="test_native_component_is_counted" time="0.015" /><testcase classname="tests.governance.test_SGD_114E_v1_0_6_definitive_contract_restoration" name="test_proprietary_alias_is_preserved" time="0.016" /><testcase classname="tests.governance.test_SGD_114E_v1_0_6_definitive_contract_restoration" name="test_findings_have_attribute_contract" time="0.006" /><testcase classname="tests.governance.test_SGD_114E_v1_0_6_definitive_contract_restoration" name="test_to_dict_serializes_findings" time="0.007" /><testcase classname="tests.governance.test_SGD_114E_v1_0_6_definitive_contract_restoration" name="test_attribute_and_mapping_access_coexist" time="0.004" /><testcase classname="tests.governance.test_SGD_114E_v1_0_6_definitive_contract_restoration" name="test_copy_preserves_contract" time="0.002" /></testsuite></testsuites>