<?xml version="1.0" encoding="utf-8"?><testsuites name="pytest tests"><testsuite name="pytest" errors="0" failures="0" skipped="0" tests="11" time="0.148" timestamp="2026-08-03T00:54:12.563960-05:00" hostname="LAPTOP-9I20DTU7"><testcase classname="tests.governance.release_management.test_SGD_114G_release_management" name="test_canonical_release_name" time="0.000" /><testcase classname="tests.governance.release_management.test_SGD_114G_release_management" name="test_parse_release_name" time="0.000" /><testcase classname="tests.governance.release_management.test_SGD_114G_release_management" name="test_collapse_duplicate_revision" time="0.000" /><testcase classname="tests.governance.release_management.test_SGD_114G_release_management" name="test_normalize_release_transaction" time="0.038" /><testcase classname="tests.governance.release_management.test_SGD_114G_release_management" name="test_reference_update_skips_empty_files" time="0.020" /><testcase classname="tests.governance.release_management.test_SGD_114G_release_management" name="test_validate_detects_manifest_mismatch" time="0.005" /><testcase classname="tests.governance.release_management.test_SGD_114G_release_management" name="test_validate_approved_repository" time="0.007" /><testcase classname="tests.governance.release_management.test_SGD_114G_v1_0_1_manifest_migration" name="test_migrate_missing_manifest" time="0.006" /><testcase classname="tests.governance.release_management.test_SGD_114G_v1_0_1_manifest_migration" name="test_migration_preserves_existing_manifest" time="0.005" /><testcase classname="tests.governance.release_management.test_SGD_114G_v1_0_1_manifest_migration" name="test_close_migrates_and_validates" time="0.006" /><testcase classname="tests.governance.release_management.test_SGD_114G_v1_0_1_manifest_migration" name="test_unknown_legacy_release_gets_manifest" time="0.005" /></testsuite></testsuites>