<?xml version="1.0" encoding="utf-8"?><testsuites name="pytest tests"><testsuite name="pytest" errors="0" failures="7" skipped="0" tests="22" time="0.402" timestamp="2026-08-02T23:34:23.407170-05:00" hostname="LAPTOP-9I20DTU7"><testcase classname="tests.governance.test_SGD_114E_native_ecosystem_architecture_policy" name="test_SGD_114E_identifies_SPT_007_as_native" time="0.000" /><testcase classname="tests.governance.test_SGD_114E_native_ecosystem_architecture_policy" name="test_SGD_114E_identifies_later_SPT_as_native" time="0.000" /><testcase classname="tests.governance.test_SGD_114E_native_ecosystem_architecture_policy" name="test_SGD_114E_excludes_earlier_SPT" time="0.001" /><testcase classname="tests.governance.test_SGD_114E_native_ecosystem_architecture_policy" name="test_SGD_114E_normalizes_native_metadata" time="0.001" /><testcase classname="tests.governance.test_SGD_114E_native_ecosystem_architecture_policy" name="test_SGD_114E_approves_native_component" time="0.019"><failure message="AttributeError: 'dict' object has no attribute 'approved'">tmp_path = WindowsPath('C:/Users/Lida Silva Acevedo/AppData/Local/Temp/pytest-of-Lida Silva Acevedo/pytest-290/test_SGD_114E_approves_native_0')

    def test_SGD_114E_approves_native_component(
        tmp_path: Path,
    ) -&gt; None:
        _write_json(
            tmp_path / "config/x/SPT-012-component.json",
            {
                "increment_code": "SPT-012",
                "version": "1.0.2",
                "native_ecosystem": True,
                "ecosystem_role": "native_component",
                "mandatory_proprietary_dependencies": [],
            },
        )
    
        result = evaluate_native_ecosystem(tmp_path)
    
&gt;       assert result.approved is True
               ^^^^^^^^^^^^^^^
E       AttributeError: 'dict' object has no attribute 'approved'

tests\governance\test_SGD_114E_native_ecosystem_architecture_policy.py:63: AttributeError</failure></testcase><testcase classname="tests.governance.test_SGD_114E_native_ecosystem_architecture_policy" name="test_SGD_114E_blocks_missing_native_declaration" time="0.008"><failure message="AttributeError: 'dict' object has no attribute 'approved'">tmp_path = WindowsPath('C:/Users/Lida Silva Acevedo/AppData/Local/Temp/pytest-of-Lida Silva Acevedo/pytest-290/test_SGD_114E_blocks_missing_n0')

    def test_SGD_114E_blocks_missing_native_declaration(
        tmp_path: Path,
    ) -&gt; None:
        _write_json(
            tmp_path / "config/x/SPT-012-component.json",
            {
                "increment_code": "SPT-012",
                "version": "1.0.2",
            },
        )
    
        result = evaluate_native_ecosystem(tmp_path)
    
&gt;       assert result.approved is False
               ^^^^^^^^^^^^^^^
E       AttributeError: 'dict' object has no attribute 'approved'

tests\governance\test_SGD_114E_native_ecosystem_architecture_policy.py:80: AttributeError</failure></testcase><testcase classname="tests.governance.test_SGD_114E_native_ecosystem_architecture_policy" name="test_SGD_114E_blocks_mandatory_proprietary_dependency" time="0.009"><failure message="AttributeError: 'dict' object has no attribute 'approved'">tmp_path = WindowsPath('C:/Users/Lida Silva Acevedo/AppData/Local/Temp/pytest-of-Lida Silva Acevedo/pytest-290/test_SGD_114E_blocks_mandatory0')

    def test_SGD_114E_blocks_mandatory_proprietary_dependency(
        tmp_path: Path,
    ) -&gt; None:
        _write_json(
            tmp_path / "config/x/SPT-012-component.json",
            {
                "increment_code": "SPT-012",
                "native_ecosystem": True,
                "ecosystem_role": "native_component",
                "mandatory_proprietary_dependencies": [
                    "PaidVendorOnly"
                ],
            },
        )
    
        result = evaluate_native_ecosystem(tmp_path)
    
&gt;       assert result.approved is False
               ^^^^^^^^^^^^^^^
E       AttributeError: 'dict' object has no attribute 'approved'

tests\governance\test_SGD_114E_native_ecosystem_architecture_policy.py:104: AttributeError</failure></testcase><testcase classname="tests.governance.test_SGD_114E_native_ecosystem_architecture_policy" name="test_SGD_114E_blocks_forbidden_terminology" time="0.020"><failure message="AttributeError: 'dict' object has no attribute 'approved'">tmp_path = WindowsPath('C:/Users/Lida Silva Acevedo/AppData/Local/Temp/pytest-of-Lida Silva Acevedo/pytest-290/test_SGD_114E_blocks_forbidden0')

    def test_SGD_114E_blocks_forbidden_terminology(
        tmp_path: Path,
    ) -&gt; None:
        _write_json(
            tmp_path / "config/x/SPT-012-component.json",
            {
                "increment_code": "SPT-012",
                "native_ecosystem": True,
                "ecosystem_role": "native_component",
                "mandatory_proprietary_dependencies": [],
            },
        )
        document = tmp_path / "docs/test.md"
        document.parent.mkdir(parents=True)
        document.write_text(
            "Motor integrado por contrato.",
            encoding="utf-8",
        )
    
        result = evaluate_native_ecosystem(tmp_path)
    
&gt;       assert result.approved is False
               ^^^^^^^^^^^^^^^
E       AttributeError: 'dict' object has no attribute 'approved'

tests\governance\test_SGD_114E_native_ecosystem_architecture_policy.py:129: AttributeError</failure></testcase><testcase classname="tests.governance.test_SGD_114E_native_ecosystem_architecture_policy" name="test_SGD_114E_accepts_native_terminology" time="0.010"><failure message="AttributeError: 'dict' object has no attribute 'approved'">tmp_path = WindowsPath('C:/Users/Lida Silva Acevedo/AppData/Local/Temp/pytest-of-Lida Silva Acevedo/pytest-290/test_SGD_114E_accepts_native_t0')

    def test_SGD_114E_accepts_native_terminology(
        tmp_path: Path,
    ) -&gt; None:
        _write_json(
            tmp_path / "config/x/SPT-012-component.json",
            {
                "increment_code": "SPT-012",
                "native_ecosystem": True,
                "ecosystem_role": "native_component",
                "mandatory_proprietary_dependencies": [],
            },
        )
        document = tmp_path / "docs/test.md"
        document.parent.mkdir(parents=True)
        document.write_text(
            "Motor integrado nativamente al ecosistema SGODA-PUINAVE.",
            encoding="utf-8",
        )
    
&gt;       assert evaluate_native_ecosystem(tmp_path).approved is True
               ^^^^^^^^^^^^^^^^^^^^^^^^^^^^^^^^^^^^^^^^^^^^
E       AttributeError: 'dict' object has no attribute 'approved'

tests\governance\test_SGD_114E_native_ecosystem_architecture_policy.py:152: AttributeError</failure></testcase><testcase classname="tests.governance.test_SGD_114E_native_ecosystem_architecture_policy" name="test_SGD_114E_ignores_non_native_components" time="0.007"><failure message="AttributeError: 'dict' object has no attribute 'approved'">tmp_path = WindowsPath('C:/Users/Lida Silva Acevedo/AppData/Local/Temp/pytest-of-Lida Silva Acevedo/pytest-290/test_SGD_114E_ignores_non_nati0')

    def test_SGD_114E_ignores_non_native_components(
        tmp_path: Path,
    ) -&gt; None:
        _write_json(
            tmp_path / "config/x/SPT-006A-component.json",
            {
                "increment_code": "SPT-006A",
            },
        )
    
        result = evaluate_native_ecosystem(tmp_path)
    
&gt;       assert result.approved is True
               ^^^^^^^^^^^^^^^
E       AttributeError: 'dict' object has no attribute 'approved'

tests\governance\test_SGD_114E_native_ecosystem_architecture_policy.py:167: AttributeError</failure></testcase><testcase classname="tests.governance.test_SGD_114E_native_ecosystem_architecture_policy" name="test_SGD_114E_is_deterministic" time="0.009" /><testcase classname="tests.governance.test_SGD_114E_native_ecosystem_architecture_policy" name="test_SGD_114E_exit_code_is_zero_when_approved" time="0.003"><failure message="AttributeError: 'dict' object has no attribute 'approved'">tmp_path = WindowsPath('C:/Users/Lida Silva Acevedo/AppData/Local/Temp/pytest-of-Lida Silva Acevedo/pytest-290/test_SGD_114E_exit_code_is_zer0')

    def test_SGD_114E_exit_code_is_zero_when_approved(
        tmp_path: Path,
    ) -&gt; None:
        result = evaluate_native_ecosystem(tmp_path)
    
&gt;       assert result.approved is True
               ^^^^^^^^^^^^^^^
E       AttributeError: 'dict' object has no attribute 'approved'

tests\governance\test_SGD_114E_native_ecosystem_architecture_policy.py:195: AttributeError</failure></testcase><testcase classname="tests.governance.test_SGD_114E_v1_0_3_approval_logic_fix" name="test_approves_valid_native_ecosystem" time="0.019" /><testcase classname="tests.governance.test_SGD_114E_v1_0_3_approval_logic_fix" name="test_rejects_without_native_components" time="0.014" /><testcase classname="tests.governance.test_SGD_114E_v1_0_3_approval_logic_fix" name="test_rejects_proprietary_dependency" time="0.014" /><testcase classname="tests.governance.test_SGD_114E_v1_0_3_approval_logic_fix" name="test_rejects_forbidden_term" time="0.018" /><testcase classname="tests.governance.test_SGD_114E_v1_0_3_approval_logic_fix" name="test_rejects_invalid_json" time="0.013" /><testcase classname="tests.governance.test_SGD_114E_v1_0_3_approval_logic_fix" name="test_decision_rule_uses_all_criteria" time="0.008" /><testcase classname="tests.governance.test_SGD_114E_v1_0_3_approval_logic_fix" name="test_counts_native_components" time="0.019" /><testcase classname="tests.governance.test_SGD_114E_v1_0_3_approval_logic_fix" name="test_returns_version_1_0_3" time="0.007" /><testcase classname="tests.governance.test_SGD_114E_v1_0_3_approval_logic_fix" name="test_empty_dependency_list_is_valid" time="0.008" /><testcase classname="tests.governance.test_SGD_114E_v1_0_3_approval_logic_fix" name="test_none_dependency_list_is_valid" time="0.014" /></testsuite></testsuites>