<?xml version="1.0" encoding="utf-8"?><testsuites name="pytest tests"><testsuite name="pytest" errors="0" failures="0" skipped="0" tests="22" time="0.058" timestamp="2026-08-03T01:11:59.600752-05:00" hostname="LAPTOP-9I20DTU7"><testcase classname="tests.learning_analytics.test_SPT_016_learning_analytics_engine" name="test_registers_event" time="0.000" /><testcase classname="tests.learning_analytics.test_SPT_016_learning_analytics_engine" name="test_rejects_invalid_event_id" time="0.000" /><testcase classname="tests.learning_analytics.test_SPT_016_learning_analytics_engine" name="test_rejects_missing_learner" time="0.000" /><testcase classname="tests.learning_analytics.test_SPT_016_learning_analytics_engine" name="test_rejects_invalid_type" time="0.000" /><testcase classname="tests.learning_analytics.test_SPT_016_learning_analytics_engine" name="test_rejects_invalid_score" time="0.000" /><testcase classname="tests.learning_analytics.test_SPT_016_learning_analytics_engine" name="test_detects_duplicate" time="0.000" /><testcase classname="tests.learning_analytics.test_SPT_016_learning_analytics_engine" name="test_mastery_without_events" time="0.000" /><testcase classname="tests.learning_analytics.test_SPT_016_learning_analytics_engine" name="test_mastery_average" time="0.000" /><testcase classname="tests.learning_analytics.test_SPT_016_learning_analytics_engine" name="test_progress_counts_events" time="0.000" /><testcase classname="tests.learning_analytics.test_SPT_016_learning_analytics_engine" name="test_trend_improving" time="0.000" /><testcase classname="tests.learning_analytics.test_SPT_016_learning_analytics_engine" name="test_trend_declining" time="0.000" /><testcase classname="tests.learning_analytics.test_SPT_016_learning_analytics_engine" name="test_alerts_low_mastery" time="0.000" /><testcase classname="tests.learning_analytics.test_SPT_016_learning_analytics_engine" name="test_recommend_reinforcement" time="0.000" /><testcase classname="tests.learning_analytics.test_SPT_016_learning_analytics_engine" name="test_recommend_advance" time="0.000" /><testcase classname="tests.learning_analytics.test_SPT_016_learning_analytics_engine" name="test_dashboard" time="0.000" /><testcase classname="tests.learning_analytics.test_SPT_016_learning_analytics_engine" name="test_entry_analytics" time="0.000" /><testcase classname="tests.learning_analytics.test_SPT_016_learning_analytics_engine" name="test_competency_analytics" time="0.000" /><testcase classname="tests.learning_analytics.test_SPT_016_learning_analytics_engine" name="test_recommendation_operation" time="0.000" /><testcase classname="tests.learning_analytics.test_SPT_016_learning_analytics_engine" name="test_export_dashboard" time="0.008" /><testcase classname="tests.learning_analytics.test_SPT_016_learning_analytics_engine" name="test_stats" time="0.000" /><testcase classname="tests.learning_analytics.test_SPT_016_learning_analytics_engine" name="test_no_invention" time="0.000" /><testcase classname="tests.learning_analytics.test_SPT_016_learning_analytics_engine" name="test_unknown_operation" time="0.000" /></testsuite></testsuites>