<?xml version="1.0" encoding="utf-8"?><testsuites name="pytest tests"><testsuite name="pytest" errors="0" failures="0" skipped="0" tests="82" time="0.200" timestamp="2026-08-03T08:25:34.669776-05:00" hostname="LAPTOP-9I20DTU7"><testcase classname="tests.puinave_knowledge_center.test_SPT_017_puinave_knowledge_center" name="test_health" time="0.000" /><testcase classname="tests.puinave_knowledge_center.test_SPT_017_puinave_knowledge_center" name="test_register_get" time="0.000" /><testcase classname="tests.puinave_knowledge_center.test_SPT_017_puinave_knowledge_center" name="test_validation" time="0.001" /><testcase classname="tests.puinave_knowledge_center.test_SPT_017_puinave_knowledge_center" name="test_dictionary_bridge" time="0.000" /><testcase classname="tests.puinave_knowledge_center.test_SPT_017_puinave_knowledge_center" name="test_analytics_bridge" time="0.000" /><testcase classname="tests.puinave_knowledge_center.test_SPT_017_puinave_knowledge_center" name="test_search_accents_case" time="0.001" /><testcase classname="tests.puinave_knowledge_center.test_SPT_017_puinave_knowledge_center" name="test_filters" time="0.000" /><testcase classname="tests.puinave_knowledge_center.test_SPT_017_puinave_knowledge_center" name="test_persistence" time="0.024" /><testcase classname="tests.puinave_knowledge_center.test_SPT_017_puinave_knowledge_center" name="test_provenance" time="0.000" /><testcase classname="tests.puinave_knowledge_center.test_SPT_017_puinave_knowledge_center" name="test_existing_engine" time="0.000" /><testcase classname="tests.puinave_knowledge_center.test_SPT_017_puinave_knowledge_center" name="test_contracts" time="0.000" /><testcase classname="tests.puinave_knowledge_center.test_SPT_017_puinave_knowledge_center" name="test_json_ready" time="0.000" /><testcase classname="tests.knowledge_engine.test_SPT_007C_knowledge_engine" name="test_SPT_007C_builds_knowledge_graph" time="0.000" /><testcase classname="tests.knowledge_engine.test_SPT_007C_knowledge_engine" name="test_SPT_007C_rejects_unknown_node_type" time="0.000" /><testcase classname="tests.knowledge_engine.test_SPT_007C_knowledge_engine" name="test_SPT_007C_rejects_unknown_relation" time="0.000" /><testcase classname="tests.knowledge_engine.test_SPT_007C_knowledge_engine" name="test_SPT_007C_creates_symmetric_relation" time="0.000" /><testcase classname="tests.knowledge_engine.test_SPT_007C_knowledge_engine" name="test_SPT_007C_neighborhood_is_deterministic" time="0.000" /><testcase classname="tests.knowledge_engine.test_SPT_007C_knowledge_engine" name="test_SPT_007C_infers_transitive_relation" time="0.000" /><testcase classname="tests.knowledge_engine.test_SPT_007C_knowledge_engine" name="test_SPT_007C_inference_is_explainable" time="0.000" /><testcase classname="tests.knowledge_engine.test_SPT_007C_knowledge_engine" name="test_SPT_007C_finds_concept_path" time="0.000" /><testcase classname="tests.knowledge_engine.test_SPT_007C_knowledge_engine" name="test_SPT_007C_recommends_related_nodes" time="0.000" /><testcase classname="tests.knowledge_engine.test_SPT_007C_knowledge_engine" name="test_SPT_007C_integrates_oda_and_media" time="0.000" /><testcase classname="tests.knowledge_engine.test_SPT_007C_knowledge_engine" name="test_SPT_007C_no_invention_contract" time="0.001" /><testcase classname="tests.knowledge_engine.test_SPT_007C_knowledge_engine" name="test_SPT_007C_uses_validated_edges_only" time="0.000" /><testcase classname="tests.knowledge_engine.test_SPT_007C_knowledge_engine" name="test_SPT_007C_reads_json_graph" time="0.006" /><testcase classname="tests.knowledge_engine.test_SPT_007C_knowledge_engine" name="test_SPT_007C_service_serializes_query" time="0.000" /><testcase classname="tests.dictionary_manager.test_SPT_013B_institutional_digital_dictionary_manager" name="test_SPT_013B_creates_entry" time="0.000" /><testcase classname="tests.dictionary_manager.test_SPT_013B_institutional_digital_dictionary_manager" name="test_SPT_013B_rejects_invalid_id" time="0.000" /><testcase classname="tests.dictionary_manager.test_SPT_013B_institutional_digital_dictionary_manager" name="test_SPT_013B_requires_puinave" time="0.000" /><testcase classname="tests.dictionary_manager.test_SPT_013B_institutional_digital_dictionary_manager" name="test_SPT_013B_requires_spanish" time="0.000" /><testcase classname="tests.dictionary_manager.test_SPT_013B_institutional_digital_dictionary_manager" name="test_SPT_013B_rejects_duplicate" time="0.000" /><testcase classname="tests.dictionary_manager.test_SPT_013B_institutional_digital_dictionary_manager" name="test_SPT_013B_gets_entry" time="0.000" /><testcase classname="tests.dictionary_manager.test_SPT_013B_institutional_digital_dictionary_manager" name="test_SPT_013B_searches_spanish" time="0.000" /><testcase classname="tests.dictionary_manager.test_SPT_013B_institutional_digital_dictionary_manager" name="test_SPT_013B_searches_english" time="0.000" /><testcase classname="tests.dictionary_manager.test_SPT_013B_institutional_digital_dictionary_manager" name="test_SPT_013B_preserves_variants" time="0.000" /><testcase classname="tests.dictionary_manager.test_SPT_013B_institutional_digital_dictionary_manager" name="test_SPT_013B_preserves_examples" time="0.001" /><testcase classname="tests.dictionary_manager.test_SPT_013B_institutional_digital_dictionary_manager" name="test_SPT_013B_reports_stats" time="0.000" /><testcase classname="tests.dictionary_manager.test_SPT_013B_institutional_digital_dictionary_manager" name="test_SPT_013B_imports_json" time="0.003" /><testcase classname="tests.dictionary_manager.test_SPT_013B_institutional_digital_dictionary_manager" name="test_SPT_013B_exports_json" time="0.002" /><testcase classname="tests.dictionary_manager.test_SPT_013B_institutional_digital_dictionary_manager" name="test_SPT_013B_upserts_entry" time="0.000" /><testcase classname="tests.dictionary_manager.test_SPT_013B_institutional_digital_dictionary_manager" name="test_SPT_013B_preserves_no_invention" time="0.000" /><testcase classname="tests.dictionary_manager.test_SPT_013B_institutional_digital_dictionary_manager" name="test_SPT_013B_rejects_unknown_operation" time="0.001" /><testcase classname="tests.multimedia_engine.test_SPT_014_intelligent_multimedia_engine" name="test_SPT_014_registers_resource" time="0.000" /><testcase classname="tests.multimedia_engine.test_SPT_014_intelligent_multimedia_engine" name="test_SPT_014_rejects_invalid_resource_id" time="0.000" /><testcase classname="tests.multimedia_engine.test_SPT_014_intelligent_multimedia_engine" name="test_SPT_014_rejects_invalid_entry_id" time="0.000" /><testcase classname="tests.multimedia_engine.test_SPT_014_intelligent_multimedia_engine" name="test_SPT_014_rejects_invalid_format" time="0.000" /><testcase classname="tests.multimedia_engine.test_SPT_014_intelligent_multimedia_engine" name="test_SPT_014_rejects_absolute_uri" time="0.000" /><testcase classname="tests.multimedia_engine.test_SPT_014_intelligent_multimedia_engine" name="test_SPT_014_detects_duplicate_id" time="0.000" /><testcase classname="tests.multimedia_engine.test_SPT_014_intelligent_multimedia_engine" name="test_SPT_014_gets_resource" time="0.000" /><testcase classname="tests.multimedia_engine.test_SPT_014_intelligent_multimedia_engine" name="test_SPT_014_lists_resources_for_entry" time="0.000" /><testcase classname="tests.multimedia_engine.test_SPT_014_intelligent_multimedia_engine" name="test_SPT_014_filters_validated_resources" time="0.000" /><testcase classname="tests.multimedia_engine.test_SPT_014_intelligent_multimedia_engine" name="test_SPT_014_builds_incomplete_oda" time="0.000" /><testcase classname="tests.multimedia_engine.test_SPT_014_intelligent_multimedia_engine" name="test_SPT_014_builds_complete_oda" time="0.000" /><testcase classname="tests.multimedia_engine.test_SPT_014_intelligent_multimedia_engine" name="test_SPT_014_imports_manifest" time="0.015" /><testcase classname="tests.multimedia_engine.test_SPT_014_intelligent_multimedia_engine" name="test_SPT_014_exports_manifest" time="0.002" /><testcase classname="tests.multimedia_engine.test_SPT_014_intelligent_multimedia_engine" name="test_SPT_014_audit_passes_clean_repository" time="0.000" /><testcase classname="tests.multimedia_engine.test_SPT_014_intelligent_multimedia_engine" name="test_SPT_014_reports_stats" time="0.000" /><testcase classname="tests.multimedia_engine.test_SPT_014_intelligent_multimedia_engine" name="test_SPT_014_preserves_no_invention" time="0.000" /><testcase classname="tests.multimedia_engine.test_SPT_014_intelligent_multimedia_engine" name="test_SPT_014_rejects_unknown_operation" time="0.000" /><testcase classname="tests.multimedia_engine.test_SPT_014_intelligent_multimedia_engine" name="test_SPT_014_is_deterministic" time="0.000" /><testcase classname="tests.learning_analytics.test_SPT_016_learning_analytics_engine" name="test_registers_event" time="0.000" /><testcase classname="tests.learning_analytics.test_SPT_016_learning_analytics_engine" name="test_rejects_invalid_event_id" time="0.000" /><testcase classname="tests.learning_analytics.test_SPT_016_learning_analytics_engine" name="test_rejects_missing_learner" time="0.000" /><testcase classname="tests.learning_analytics.test_SPT_016_learning_analytics_engine" name="test_rejects_invalid_type" time="0.000" /><testcase classname="tests.learning_analytics.test_SPT_016_learning_analytics_engine" name="test_rejects_invalid_score" time="0.000" /><testcase classname="tests.learning_analytics.test_SPT_016_learning_analytics_engine" name="test_detects_duplicate" time="0.000" /><testcase classname="tests.learning_analytics.test_SPT_016_learning_analytics_engine" name="test_mastery_without_events" time="0.000" /><testcase classname="tests.learning_analytics.test_SPT_016_learning_analytics_engine" name="test_mastery_average" time="0.000" /><testcase classname="tests.learning_analytics.test_SPT_016_learning_analytics_engine" name="test_progress_counts_events" time="0.000" /><testcase classname="tests.learning_analytics.test_SPT_016_learning_analytics_engine" name="test_trend_improving" time="0.001" /><testcase classname="tests.learning_analytics.test_SPT_016_learning_analytics_engine" name="test_trend_declining" time="0.000" /><testcase classname="tests.learning_analytics.test_SPT_016_learning_analytics_engine" name="test_alerts_low_mastery" time="0.000" /><testcase classname="tests.learning_analytics.test_SPT_016_learning_analytics_engine" name="test_recommend_reinforcement" time="0.000" /><testcase classname="tests.learning_analytics.test_SPT_016_learning_analytics_engine" name="test_recommend_advance" time="0.000" /><testcase classname="tests.learning_analytics.test_SPT_016_learning_analytics_engine" name="test_dashboard" time="0.000" /><testcase classname="tests.learning_analytics.test_SPT_016_learning_analytics_engine" name="test_entry_analytics" time="0.000" /><testcase classname="tests.learning_analytics.test_SPT_016_learning_analytics_engine" name="test_competency_analytics" time="0.000" /><testcase classname="tests.learning_analytics.test_SPT_016_learning_analytics_engine" name="test_recommendation_operation" time="0.000" /><testcase classname="tests.learning_analytics.test_SPT_016_learning_analytics_engine" name="test_export_dashboard" time="0.002" /><testcase classname="tests.learning_analytics.test_SPT_016_learning_analytics_engine" name="test_stats" time="0.000" /><testcase classname="tests.learning_analytics.test_SPT_016_learning_analytics_engine" name="test_no_invention" time="0.000" /><testcase classname="tests.learning_analytics.test_SPT_016_learning_analytics_engine" name="test_unknown_operation" time="0.000" /></testsuite></testsuites>