<?xml version="1.0" encoding="utf-8"?><testsuites name="pytest tests"><testsuite name="pytest" errors="0" failures="0" skipped="0" tests="59" time="0.560" timestamp="2026-08-03T00:08:49.736797-05:00" hostname="LAPTOP-9I20DTU7"><testcase classname="tests.governance.test_SGD_114E_native_ecosystem_architecture_policy" name="test_SGD_114E_identifies_SPT_007_as_native" time="0.001" /><testcase classname="tests.governance.test_SGD_114E_native_ecosystem_architecture_policy" name="test_SGD_114E_identifies_later_SPT_as_native" time="0.000" /><testcase classname="tests.governance.test_SGD_114E_native_ecosystem_architecture_policy" name="test_SGD_114E_excludes_earlier_SPT" time="0.000" /><testcase classname="tests.governance.test_SGD_114E_native_ecosystem_architecture_policy" name="test_SGD_114E_normalizes_native_metadata" time="0.000" /><testcase classname="tests.governance.test_SGD_114E_native_ecosystem_architecture_policy" name="test_SGD_114E_approves_native_component" time="0.016" /><testcase classname="tests.governance.test_SGD_114E_native_ecosystem_architecture_policy" name="test_SGD_114E_blocks_missing_native_declaration" time="0.008" /><testcase classname="tests.governance.test_SGD_114E_native_ecosystem_architecture_policy" name="test_SGD_114E_blocks_mandatory_proprietary_dependency" time="0.005" /><testcase classname="tests.governance.test_SGD_114E_native_ecosystem_architecture_policy" name="test_SGD_114E_blocks_forbidden_terminology" time="0.008" /><testcase classname="tests.governance.test_SGD_114E_native_ecosystem_architecture_policy" name="test_SGD_114E_accepts_native_terminology" time="0.009" /><testcase classname="tests.governance.test_SGD_114E_native_ecosystem_architecture_policy" name="test_SGD_114E_ignores_non_native_components" time="0.007" /><testcase classname="tests.governance.test_SGD_114E_native_ecosystem_architecture_policy" name="test_SGD_114E_is_deterministic" time="0.007" /><testcase classname="tests.governance.test_SGD_114E_native_ecosystem_architecture_policy" name="test_SGD_114E_exit_code_is_zero_when_approved" time="0.002" /><testcase classname="tests.governance.test_SGD_114E_v1_0_3_approval_logic_fix" name="test_approves_valid_native_ecosystem" time="0.009" /><testcase classname="tests.governance.test_SGD_114E_v1_0_3_approval_logic_fix" name="test_rejects_without_native_components" time="0.008" /><testcase classname="tests.governance.test_SGD_114E_v1_0_3_approval_logic_fix" name="test_rejects_proprietary_dependency" time="0.008" /><testcase classname="tests.governance.test_SGD_114E_v1_0_3_approval_logic_fix" name="test_rejects_forbidden_term" time="0.017" /><testcase classname="tests.governance.test_SGD_114E_v1_0_3_approval_logic_fix" name="test_rejects_invalid_json" time="0.008" /><testcase classname="tests.governance.test_SGD_114E_v1_0_3_approval_logic_fix" name="test_decision_rule_uses_all_criteria" time="0.010" /><testcase classname="tests.governance.test_SGD_114E_v1_0_3_approval_logic_fix" name="test_counts_native_components" time="0.009" /><testcase classname="tests.governance.test_SGD_114E_v1_0_3_approval_logic_fix" name="test_returns_version_1_0_3" time="0.007" /><testcase classname="tests.governance.test_SGD_114E_v1_0_3_approval_logic_fix" name="test_empty_dependency_list_is_valid" time="0.007" /><testcase classname="tests.governance.test_SGD_114E_v1_0_3_approval_logic_fix" name="test_none_dependency_list_is_valid" time="0.007" /><testcase classname="tests.governance.test_SGD_114E_v1_0_5_backward_compatibility_result_model" name="test_result_supports_attribute_access" time="0.007" /><testcase classname="tests.governance.test_SGD_114E_v1_0_5_backward_compatibility_result_model" name="test_result_supports_mapping_access" time="0.006" /><testcase classname="tests.governance.test_SGD_114E_v1_0_5_backward_compatibility_result_model" name="test_result_supports_to_dict" time="0.006" /><testcase classname="tests.governance.test_SGD_114E_v1_0_5_backward_compatibility_result_model" name="test_result_is_dict_subclass" time="0.008" /><testcase classname="tests.governance.test_SGD_114E_v1_0_5_backward_compatibility_result_model" name="test_attribute_and_mapping_values_match" time="0.008" /><testcase classname="tests.governance.test_SGD_114E_v1_0_5_backward_compatibility_result_model" name="test_copy_preserves_result_model" time="0.008" /><testcase classname="tests.governance.test_SGD_114E_v1_0_5_backward_compatibility_result_model" name="test_missing_attribute_raises_attribute_error" time="0.000" /><testcase classname="tests.governance.test_SGD_114E_v1_0_5_backward_compatibility_result_model" name="test_set_attribute_updates_mapping" time="0.000" /><testcase classname="tests.governance.test_SGD_114E_v1_0_5_backward_compatibility_result_model" name="test_to_dict_returns_independent_copy" time="0.001" /><testcase classname="tests.governance.test_SGD_114E_v1_0_5_backward_compatibility_result_model" name="test_version_is_1_0_5" time="0.010" /><testcase classname="tests.governance.test_SGD_114E_v1_0_6_definitive_contract_restoration" name="test_contract_and_implementation_versions" time="0.003" /><testcase classname="tests.governance.test_SGD_114E_v1_0_6_definitive_contract_restoration" name="test_empty_repository_is_approved" time="0.004" /><testcase classname="tests.governance.test_SGD_114E_v1_0_6_definitive_contract_restoration" name="test_legacy_component_is_ignored" time="0.008" /><testcase classname="tests.governance.test_SGD_114E_v1_0_6_definitive_contract_restoration" name="test_governed_component_requires_native_flag" time="0.009" /><testcase classname="tests.governance.test_SGD_114E_v1_0_6_definitive_contract_restoration" name="test_native_component_is_counted" time="0.007" /><testcase classname="tests.governance.test_SGD_114E_v1_0_6_definitive_contract_restoration" name="test_proprietary_alias_is_preserved" time="0.008" /><testcase classname="tests.governance.test_SGD_114E_v1_0_6_definitive_contract_restoration" name="test_findings_have_attribute_contract" time="0.009" /><testcase classname="tests.governance.test_SGD_114E_v1_0_6_definitive_contract_restoration" name="test_to_dict_serializes_findings" time="0.008" /><testcase classname="tests.governance.test_SGD_114E_v1_0_6_definitive_contract_restoration" name="test_attribute_and_mapping_access_coexist" time="0.004" /><testcase classname="tests.governance.test_SGD_114E_v1_0_6_definitive_contract_restoration" name="test_copy_preserves_contract" time="0.003" /><testcase classname="tests.governance.test_SGD_114E_v2_0_0_definitive_native_ecosystem_validator" name="test_empty_repository_contract" time="0.003" /><testcase classname="tests.governance.test_SGD_114E_v2_0_0_definitive_native_ecosystem_validator" name="test_valid_native_component_all_criteria_true" time="0.010" /><testcase classname="tests.governance.test_SGD_114E_v2_0_0_definitive_native_ecosystem_validator" name="test_native_components_attribute_is_tuple" time="0.009" /><testcase classname="tests.governance.test_SGD_114E_v2_0_0_definitive_native_ecosystem_validator" name="test_missing_native_flag_is_rejected" time="0.008" /><testcase classname="tests.governance.test_SGD_114E_v2_0_0_definitive_native_ecosystem_validator" name="test_false_native_flag_is_rejected" time="0.029" /><testcase classname="tests.governance.test_SGD_114E_v2_0_0_definitive_native_ecosystem_validator" name="test_legacy_component_is_ignored" time="0.015" /><testcase classname="tests.governance.test_SGD_114E_v2_0_0_definitive_native_ecosystem_validator" name="test_proprietary_dependency_alias" time="0.013" /><testcase classname="tests.governance.test_SGD_114E_v2_0_0_definitive_native_ecosystem_validator" name="test_invalid_json_is_rejected" time="0.010" /><testcase classname="tests.governance.test_SGD_114E_v2_0_0_definitive_native_ecosystem_validator" name="test_findings_contract_and_serialization" time="0.010" /><testcase classname="tests.governance.test_SGD_114E_v2_0_0_definitive_native_ecosystem_validator" name="test_copy_preserves_contract" time="0.006" /><testcase classname="tests.governance.test_SGD_114E_v2_0_0_canonical_contract" name="test_canonical_implementation_version" time="0.004" /><testcase classname="tests.governance.test_SGD_114E_v2_0_0_canonical_contract" name="test_historical_mapping_contract" time="0.004" /><testcase classname="tests.governance.test_SGD_114E_v2_0_0_canonical_contract" name="test_historical_attribute_contract" time="0.006" /><testcase classname="tests.governance.test_SGD_114E_v2_0_0_canonical_contract" name="test_empty_repository_policy_and_state" time="0.004" /><testcase classname="tests.governance.test_SGD_114E_v2_0_0_canonical_contract" name="test_exit_code_matches_approval" time="0.004" /><testcase classname="tests.governance.test_SGD_114E_v2_0_0_canonical_contract" name="test_native_components_attribute_is_tuple" time="0.005" /><testcase classname="tests.governance.test_SGD_114E_v2_0_0_canonical_contract" name="test_to_dict_is_json_ready" time="0.005" /></testsuite></testsuites>