<?xml version="1.0" encoding="utf-8"?><testsuites name="pytest tests"><testsuite name="pytest" errors="0" failures="1" skipped="0" tests="43" time="0.634" timestamp="2026-08-02T23:54:43.336576-05:00" hostname="LAPTOP-9I20DTU7"><testcase classname="tests.governance.test_SGD_114E_native_ecosystem_architecture_policy" name="test_SGD_114E_identifies_SPT_007_as_native" time="0.001" /><testcase classname="tests.governance.test_SGD_114E_native_ecosystem_architecture_policy" name="test_SGD_114E_identifies_later_SPT_as_native" time="0.001" /><testcase classname="tests.governance.test_SGD_114E_native_ecosystem_architecture_policy" name="test_SGD_114E_excludes_earlier_SPT" time="0.000" /><testcase classname="tests.governance.test_SGD_114E_native_ecosystem_architecture_policy" name="test_SGD_114E_normalizes_native_metadata" time="0.000" /><testcase classname="tests.governance.test_SGD_114E_native_ecosystem_architecture_policy" name="test_SGD_114E_approves_native_component" time="0.037" /><testcase classname="tests.governance.test_SGD_114E_native_ecosystem_architecture_policy" name="test_SGD_114E_blocks_missing_native_declaration" time="0.009" /><testcase classname="tests.governance.test_SGD_114E_native_ecosystem_architecture_policy" name="test_SGD_114E_blocks_mandatory_proprietary_dependency" time="0.019" /><testcase classname="tests.governance.test_SGD_114E_native_ecosystem_architecture_policy" name="test_SGD_114E_blocks_forbidden_terminology" time="0.015" /><testcase classname="tests.governance.test_SGD_114E_native_ecosystem_architecture_policy" name="test_SGD_114E_accepts_native_terminology" time="0.014" /><testcase classname="tests.governance.test_SGD_114E_native_ecosystem_architecture_policy" name="test_SGD_114E_ignores_non_native_components" time="0.011" /><testcase classname="tests.governance.test_SGD_114E_native_ecosystem_architecture_policy" name="test_SGD_114E_is_deterministic" time="0.010" /><testcase classname="tests.governance.test_SGD_114E_native_ecosystem_architecture_policy" name="test_SGD_114E_exit_code_is_zero_when_approved" time="0.004" /><testcase classname="tests.governance.test_SGD_114E_v1_0_3_approval_logic_fix" name="test_approves_valid_native_ecosystem" time="0.010" /><testcase classname="tests.governance.test_SGD_114E_v1_0_3_approval_logic_fix" name="test_rejects_without_native_components" time="0.008" /><testcase classname="tests.governance.test_SGD_114E_v1_0_3_approval_logic_fix" name="test_rejects_proprietary_dependency" time="0.007" /><testcase classname="tests.governance.test_SGD_114E_v1_0_3_approval_logic_fix" name="test_rejects_forbidden_term" time="0.010" /><testcase classname="tests.governance.test_SGD_114E_v1_0_3_approval_logic_fix" name="test_rejects_invalid_json" time="0.008" /><testcase classname="tests.governance.test_SGD_114E_v1_0_3_approval_logic_fix" name="test_decision_rule_uses_all_criteria" time="0.009"><failure message="AssertionError: assert False&#10; +  where False = all(dict_values([True, True, True, True, True, False]))&#10; +    where dict_values([True, True, True, True, True, False]) = &lt;built-in method values of dict object at 0x0000020CCC488F00&gt;()&#10; +      where &lt;built-in method values of dict object at 0x0000020CCC488F00&gt; = {'all_governed_components_are_native': True, 'empty_repository_allowed': False, 'has_native_components': True, 'no_forbidden_terms': True, ...}.values">tmp_path = WindowsPath('C:/Users/Lida Silva Acevedo/AppData/Local/Temp/pytest-of-Lida Silva Acevedo/pytest-293/test_decision_rule_uses_all_cr0')

    def test_decision_rule_uses_all_criteria(
        tmp_path: Path,
    ) -&gt; None:
        _write_component(tmp_path)
    
        result = evaluate_native_ecosystem(tmp_path)
    
&gt;       assert all(result["criteria"].values())
E       AssertionError: assert False
E        +  where False = all(dict_values([True, True, True, True, True, False]))
E        +    where dict_values([True, True, True, True, True, False]) = &lt;built-in method values of dict object at 0x0000020CCC488F00&gt;()
E        +      where &lt;built-in method values of dict object at 0x0000020CCC488F00&gt; = {'all_governed_components_are_native': True, 'empty_repository_allowed': False, 'has_native_components': True, 'no_forbidden_terms': True, ...}.values

tests\governance\test_SGD_114E_v1_0_3_approval_logic_fix.py:113: AssertionError</failure></testcase><testcase classname="tests.governance.test_SGD_114E_v1_0_3_approval_logic_fix" name="test_counts_native_components" time="0.013" /><testcase classname="tests.governance.test_SGD_114E_v1_0_3_approval_logic_fix" name="test_returns_version_1_0_3" time="0.011" /><testcase classname="tests.governance.test_SGD_114E_v1_0_3_approval_logic_fix" name="test_empty_dependency_list_is_valid" time="0.015" /><testcase classname="tests.governance.test_SGD_114E_v1_0_3_approval_logic_fix" name="test_none_dependency_list_is_valid" time="0.026" /><testcase classname="tests.governance.test_SGD_114E_v1_0_5_backward_compatibility_result_model" name="test_result_supports_attribute_access" time="0.010" /><testcase classname="tests.governance.test_SGD_114E_v1_0_5_backward_compatibility_result_model" name="test_result_supports_mapping_access" time="0.009" /><testcase classname="tests.governance.test_SGD_114E_v1_0_5_backward_compatibility_result_model" name="test_result_supports_to_dict" time="0.009" /><testcase classname="tests.governance.test_SGD_114E_v1_0_5_backward_compatibility_result_model" name="test_result_is_dict_subclass" time="0.009" /><testcase classname="tests.governance.test_SGD_114E_v1_0_5_backward_compatibility_result_model" name="test_attribute_and_mapping_values_match" time="0.014" /><testcase classname="tests.governance.test_SGD_114E_v1_0_5_backward_compatibility_result_model" name="test_copy_preserves_result_model" time="0.011" /><testcase classname="tests.governance.test_SGD_114E_v1_0_5_backward_compatibility_result_model" name="test_missing_attribute_raises_attribute_error" time="0.000" /><testcase classname="tests.governance.test_SGD_114E_v1_0_5_backward_compatibility_result_model" name="test_set_attribute_updates_mapping" time="0.000" /><testcase classname="tests.governance.test_SGD_114E_v1_0_5_backward_compatibility_result_model" name="test_to_dict_returns_independent_copy" time="0.000" /><testcase classname="tests.governance.test_SGD_114E_v1_0_5_backward_compatibility_result_model" name="test_version_is_1_0_5" time="0.008" /><testcase classname="tests.governance.test_SGD_114E_v1_0_6_definitive_contract_restoration" name="test_contract_and_implementation_versions" time="0.003" /><testcase classname="tests.governance.test_SGD_114E_v1_0_6_definitive_contract_restoration" name="test_empty_repository_is_approved" time="0.003" /><testcase classname="tests.governance.test_SGD_114E_v1_0_6_definitive_contract_restoration" name="test_legacy_component_is_ignored" time="0.008" /><testcase classname="tests.governance.test_SGD_114E_v1_0_6_definitive_contract_restoration" name="test_governed_component_requires_native_flag" time="0.010" /><testcase classname="tests.governance.test_SGD_114E_v1_0_6_definitive_contract_restoration" name="test_native_component_is_counted" time="0.007" /><testcase classname="tests.governance.test_SGD_114E_v1_0_6_definitive_contract_restoration" name="test_proprietary_alias_is_preserved" time="0.009" /><testcase classname="tests.governance.test_SGD_114E_v1_0_6_definitive_contract_restoration" name="test_findings_have_attribute_contract" time="0.013" /><testcase classname="tests.governance.test_SGD_114E_v1_0_6_definitive_contract_restoration" name="test_to_dict_serializes_findings" time="0.009" /><testcase classname="tests.governance.test_SGD_114E_v1_0_6_definitive_contract_restoration" name="test_attribute_and_mapping_access_coexist" time="0.003" /><testcase classname="tests.governance.test_SGD_114E_v1_0_6_definitive_contract_restoration" name="test_copy_preserves_contract" time="0.004" /><testcase classname="tests.governance.test_SGD_114E_v1_0_7_definitive_prevalidated_contract_closure" name="test_definitive_four_residual_contracts" time="0.005" /></testsuite></testsuites>