<?xml version="1.0" encoding="utf-8"?><testsuites name="pytest tests"><testsuite name="pytest" errors="0" failures="0" skipped="0" tests="589" time="56.251" timestamp="2026-08-03T13:38:16.044594-05:00" hostname="LAPTOP-9I20DTU7"><testcase classname="tests.adaptive_assessment.test_SPT_015_adaptive_assessment_engine" name="test_SPT_015_registers_item" time="0.002" /><testcase classname="tests.adaptive_assessment.test_SPT_015_adaptive_assessment_engine" name="test_SPT_015_rejects_invalid_id" time="0.001" /><testcase classname="tests.adaptive_assessment.test_SPT_015_adaptive_assessment_engine" name="test_SPT_015_rejects_invalid_entry_id" time="0.001" /><testcase classname="tests.adaptive_assessment.test_SPT_015_adaptive_assessment_engine" name="test_SPT_015_rejects_invalid_type" time="0.001" /><testcase classname="tests.adaptive_assessment.test_SPT_015_adaptive_assessment_engine" name="test_SPT_015_rejects_invalid_difficulty" time="0.001" /><testcase classname="tests.adaptive_assessment.test_SPT_015_adaptive_assessment_engine" name="test_SPT_015_detects_duplicate_id" time="0.002" /><testcase classname="tests.adaptive_assessment.test_SPT_015_adaptive_assessment_engine" name="test_SPT_015_scores_correct_answer" time="0.001" /><testcase classname="tests.adaptive_assessment.test_SPT_015_adaptive_assessment_engine" name="test_SPT_015_scores_incorrect_answer" time="0.001" /><testcase classname="tests.adaptive_assessment.test_SPT_015_adaptive_assessment_engine" name="test_SPT_015_mastery_is_zero_without_attempts" time="0.001" /><testcase classname="tests.adaptive_assessment.test_SPT_015_adaptive_assessment_engine" name="test_SPT_015_mastery_is_weighted" time="0.001" /><testcase classname="tests.adaptive_assessment.test_SPT_015_adaptive_assessment_engine" name="test_SPT_015_recommends_low_difficulty" time="0.002" /><testcase classname="tests.adaptive_assessment.test_SPT_015_adaptive_assessment_engine" name="test_SPT_015_recommends_high_difficulty" time="0.001" /><testcase classname="tests.adaptive_assessment.test_SPT_015_adaptive_assessment_engine" name="test_SPT_015_selects_validated_item" time="0.001" /><testcase classname="tests.adaptive_assessment.test_SPT_015_adaptive_assessment_engine" name="test_SPT_015_next_item_works" time="0.007" /><testcase classname="tests.adaptive_assessment.test_SPT_015_adaptive_assessment_engine" name="test_SPT_015_submits_correct_answer" time="0.003" /><testcase classname="tests.adaptive_assessment.test_SPT_015_adaptive_assessment_engine" name="test_SPT_015_submits_incorrect_answer" time="0.002" /><testcase classname="tests.adaptive_assessment.test_SPT_015_adaptive_assessment_engine" name="test_SPT_015_reports_history" time="0.002" /><testcase classname="tests.adaptive_assessment.test_SPT_015_adaptive_assessment_engine" name="test_SPT_015_reports_stats" time="0.001" /><testcase classname="tests.adaptive_assessment.test_SPT_015_adaptive_assessment_engine" name="test_SPT_015_exports_result" time="0.021" /><testcase classname="tests.adaptive_assessment.test_SPT_015_adaptive_assessment_engine" name="test_SPT_015_preserves_no_invention" time="0.001" /><testcase classname="tests.adaptive_assessment.test_SPT_015_adaptive_assessment_engine" name="test_SPT_015_rejects_unknown_operation" time="0.001" /><testcase classname="tests.assistant.test_SPT_004A_institutional_assistant" name="test_SPT_004A_clasifica_busqueda_lexica" time="0.001" /><testcase classname="tests.assistant.test_SPT_004A_institutional_assistant" name="test_SPT_004A_clasifica_ayuda" time="0.001" /><testcase classname="tests.assistant.test_SPT_004A_institutional_assistant" name="test_SPT_004A_busca_repositorio_canonico" time="0.031" /><testcase classname="tests.assistant.test_SPT_004A_institutional_assistant" name="test_SPT_004A_relaciona_oda" time="0.018" /><testcase classname="tests.assistant.test_SPT_004A_institutional_assistant" name="test_SPT_004A_responde_con_fuente_validada" time="0.016" /><testcase classname="tests.assistant.test_SPT_004A_institutional_assistant" name="test_SPT_004A_responde_pregunta_frecuente" time="0.018" /><testcase classname="tests.assistant.test_SPT_004A_institutional_assistant" name="test_SPT_004A_no_inventa_respuesta" time="0.021" /><testcase classname="tests.assistant.test_SPT_004A_institutional_assistant" name="test_SPT_004A_registra_pregunta_no_resuelta" time="0.041" /><testcase classname="tests.assistant.test_SPT_004A_institutional_assistant" name="test_SPT_004A_rechaza_pregunta_vacia" time="0.017" /><testcase classname="tests.assistant.test_SPT_004A_institutional_assistant" name="test_SPT_004A_fuentes_no_vacias_en_respuesta_lexica" time="0.014" /><testcase classname="tests.automation.test_SPT_003A_multimedia_orchestrator" name="test_SPT_003A_job_id_deterministico" time="0.001" /><testcase classname="tests.automation.test_SPT_003A_multimedia_orchestrator" name="test_SPT_003A_insercion_idempotente" time="0.059" /><testcase classname="tests.automation.test_SPT_003A_multimedia_orchestrator" name="test_SPT_003A_lease_y_completion" time="0.073" /><testcase classname="tests.automation.test_SPT_003A_multimedia_orchestrator" name="test_SPT_003A_reintentos_y_fallo_final" time="0.092" /><testcase classname="tests.automation.test_SPT_003A_multimedia_orchestrator" name="test_SPT_003A_recupera_leases_vencidos" time="0.082" /><testcase classname="tests.automation.test_SPT_003A_multimedia_orchestrator" name="test_SPT_003A_planifica_cuatro_recursos" time="0.060" /><testcase classname="tests.automation.test_SPT_003A_multimedia_orchestrator" name="test_SPT_003A_prompt_imagen_respetuoso" time="0.067" /><testcase classname="tests.automation.test_SPT_003A_multimedia_orchestrator" name="test_SPT_003A_escala_120000_trabajos" time="4.700" /><testcase classname="tests.automation.test_SPT_003B_ai_multimedia_adapters" name="test_SPT_003B_proveedor_mock_imagen" time="0.001" /><testcase classname="tests.automation.test_SPT_003B_ai_multimedia_adapters" name="test_SPT_003B_proveedor_mock_tts" time="0.001" /><testcase classname="tests.automation.test_SPT_003B_ai_multimedia_adapters" name="test_SPT_003B_proveedor_no_soportado" time="0.001" /><testcase classname="tests.automation.test_SPT_003B_ai_multimedia_adapters" name="test_SPT_003B_credenciales_no_expuestas" time="0.002" /><testcase classname="tests.automation.test_SPT_003B_ai_multimedia_adapters" name="test_SPT_003B_almacenamiento_sha256" time="0.012" /><testcase classname="tests.automation.test_SPT_003B_ai_multimedia_adapters" name="test_SPT_003B_evento_n8n_jsonl" time="0.036" /><testcase classname="tests.automation.test_SPT_003B_ai_multimedia_adapters" name="test_SPT_003B_procesa_lote_completo" time="0.111" /><testcase classname="tests.automation.test_SPT_003B_ai_multimedia_adapters" name="test_SPT_003B_reintenta_error_proveedor" time="0.069" /><testcase classname="tests.automation.test_SPT_003B_ai_multimedia_adapters" name="test_SPT_003B_fabrica_proveedores" time="0.001" /><testcase classname="tests.automation.test_SPT_003B_ai_multimedia_adapters" name="test_SPT_003B_procesamiento_masivo_1000" time="16.928" /><testcase classname="tests.automation.test_SPT_003C_controlled_provider_pilot" name="test_SPT_003C_dry_run_siempre_permitido" time="0.001" /><testcase classname="tests.automation.test_SPT_003C_controlled_provider_pilot" name="test_SPT_003C_bloquea_sin_aprobacion" time="0.001" /><testcase classname="tests.automation.test_SPT_003C_controlled_provider_pilot" name="test_SPT_003C_bloquea_sin_validacion_cultural" time="0.002" /><testcase classname="tests.automation.test_SPT_003C_controlled_provider_pilot" name="test_SPT_003C_bloquea_presupuesto_excedido" time="0.002" /><testcase classname="tests.automation.test_SPT_003C_controlled_provider_pilot" name="test_SPT_003C_bloquea_tipo_no_autorizado" time="0.001" /><testcase classname="tests.automation.test_SPT_003C_controlled_provider_pilot" name="test_SPT_003C_aprueba_con_todos_los_controles" time="0.001" /><testcase classname="tests.automation.test_SPT_003C_controlled_provider_pilot" name="test_SPT_003C_estimacion_costos" time="0.001" /><testcase classname="tests.automation.test_SPT_003C_controlled_provider_pilot" name="test_SPT_003C_libro_consumo" time="0.011" /><testcase classname="tests.automation.test_SPT_003C_controlled_provider_pilot" name="test_SPT_003C_circuit_breaker_abre" time="0.035" /><testcase classname="tests.automation.test_SPT_003C_controlled_provider_pilot" name="test_SPT_003C_circuit_breaker_cierra" time="0.011" /><testcase classname="tests.conversation.test_SPT_009_conversational_ecosystem" name="test_SPT_009_routes_tutor_intent" time="0.001" /><testcase classname="tests.conversation.test_SPT_009_conversational_ecosystem" name="test_SPT_009_routes_reasoning_intent" time="0.001" /><testcase classname="tests.conversation.test_SPT_009_conversational_ecosystem" name="test_SPT_009_returns_knowledge_response" time="0.001" /><testcase classname="tests.conversation.test_SPT_009_conversational_ecosystem" name="test_SPT_009_requires_validated_context" time="0.001" /><testcase classname="tests.conversation.test_SPT_009_conversational_ecosystem" name="test_SPT_009_prepares_audio_text" time="0.001" /><testcase classname="tests.conversation.test_SPT_009_conversational_ecosystem" name="test_SPT_009_keeps_session_memory" time="0.001" /><testcase classname="tests.dictionary_manager.test_SPT_013B_institutional_digital_dictionary_manager" name="test_SPT_013B_creates_entry" time="0.001" /><testcase classname="tests.dictionary_manager.test_SPT_013B_institutional_digital_dictionary_manager" name="test_SPT_013B_rejects_invalid_id" time="0.001" /><testcase classname="tests.dictionary_manager.test_SPT_013B_institutional_digital_dictionary_manager" name="test_SPT_013B_requires_puinave" time="0.001" /><testcase classname="tests.dictionary_manager.test_SPT_013B_institutional_digital_dictionary_manager" name="test_SPT_013B_requires_spanish" time="0.001" /><testcase classname="tests.dictionary_manager.test_SPT_013B_institutional_digital_dictionary_manager" name="test_SPT_013B_rejects_duplicate" time="0.001" /><testcase classname="tests.dictionary_manager.test_SPT_013B_institutional_digital_dictionary_manager" name="test_SPT_013B_gets_entry" time="0.001" /><testcase classname="tests.dictionary_manager.test_SPT_013B_institutional_digital_dictionary_manager" name="test_SPT_013B_searches_spanish" time="0.001" /><testcase classname="tests.dictionary_manager.test_SPT_013B_institutional_digital_dictionary_manager" name="test_SPT_013B_searches_english" time="0.002" /><testcase classname="tests.dictionary_manager.test_SPT_013B_institutional_digital_dictionary_manager" name="test_SPT_013B_preserves_variants" time="0.001" /><testcase classname="tests.dictionary_manager.test_SPT_013B_institutional_digital_dictionary_manager" name="test_SPT_013B_preserves_examples" time="0.001" /><testcase classname="tests.dictionary_manager.test_SPT_013B_institutional_digital_dictionary_manager" name="test_SPT_013B_reports_stats" time="0.001" /><testcase classname="tests.dictionary_manager.test_SPT_013B_institutional_digital_dictionary_manager" name="test_SPT_013B_imports_json" time="0.015" /><testcase classname="tests.dictionary_manager.test_SPT_013B_institutional_digital_dictionary_manager" name="test_SPT_013B_exports_json" time="0.010" /><testcase classname="tests.dictionary_manager.test_SPT_013B_institutional_digital_dictionary_manager" name="test_SPT_013B_upserts_entry" time="0.002" /><testcase classname="tests.dictionary_manager.test_SPT_013B_institutional_digital_dictionary_manager" name="test_SPT_013B_preserves_no_invention" time="0.001" /><testcase classname="tests.dictionary_manager.test_SPT_013B_institutional_digital_dictionary_manager" name="test_SPT_013B_rejects_unknown_operation" time="0.002" /><testcase classname="tests.documentation.test_SGD_115A_documentation_canonical_component_resolver" name="test_SGD_115A_reads_explicit_canonical_code" time="0.001" /><testcase classname="tests.documentation.test_SGD_115A_documentation_canonical_component_resolver" name="test_SGD_115A_derives_canonical_code" time="0.001" /><testcase classname="tests.documentation.test_SGD_115A_documentation_canonical_component_resolver" name="test_SGD_115A_preserves_normal_code" time="0.001" /><testcase classname="tests.documentation.test_SGD_115A_documentation_canonical_component_resolver" name="test_SGD_115A_reads_explicit_version" time="0.001" /><testcase classname="tests.documentation.test_SGD_115A_documentation_canonical_component_resolver" name="test_SGD_115A_derives_version_from_code" time="0.001" /><testcase classname="tests.documentation.test_SGD_115A_documentation_canonical_component_resolver" name="test_SGD_115A_orders_semantic_versions" time="0.001" /><testcase classname="tests.documentation.test_SGD_115A_documentation_canonical_component_resolver" name="test_SGD_115A_consolidates_versions" time="0.002" /><testcase classname="tests.documentation.test_SGD_115A_documentation_canonical_component_resolver" name="test_SGD_115A_keeps_different_components" time="0.001" /><testcase classname="tests.documentation.test_SGD_115A_documentation_canonical_component_resolver" name="test_SGD_115A_is_deterministic" time="0.001" /><testcase classname="tests.documentation.test_SGD_115A_documentation_canonical_component_resolver" name="test_SGD_115A_history_preserves_version" time="0.001" /><testcase classname="tests.documentation.test_SGD_115_master_documentation" name="test_SGD_115_descubre_componentes" time="0.043" /><testcase classname="tests.documentation.test_SGD_115_master_documentation" name="test_SGD_115_genera_tres_documentos" time="0.046" /><testcase classname="tests.documentation.test_SGD_115_master_documentation" name="test_SGD_115_indice_contiene_componente" time="0.051" /><testcase classname="tests.documentation.test_SGD_115_master_documentation" name="test_SGD_115_arquitectura_contiene_capas" time="0.048" /><testcase classname="tests.documentation.test_SGD_115_master_documentation" name="test_SGD_115_registro_contiene_trazabilidad" time="0.055" /><testcase classname="tests.documentation.test_SGD_115_master_documentation" name="test_SGD_115_validacion_aprobada" time="0.095" /><testcase classname="tests.documentation.test_SGD_115_master_documentation" name="test_SGD_115_detecta_documento_faltante" time="0.084" /><testcase classname="tests.documentation.test_SGD_115_master_documentation" name="test_SGD_115_publica_inventario_evento_y_validacion" time="0.111" /><testcase classname="tests.enrichment.test_SPT_006_multilingual_multimedia_pipeline" name="test_SPT_006_detecta_traduccion_ingles_faltante" time="0.001" /><testcase classname="tests.enrichment.test_SPT_006_multilingual_multimedia_pipeline" name="test_SPT_006_planifica_audio_espanol" time="0.001" /><testcase classname="tests.enrichment.test_SPT_006_multilingual_multimedia_pipeline" name="test_SPT_006_planifica_audio_ingles" time="0.001" /><testcase classname="tests.enrichment.test_SPT_006_multilingual_multimedia_pipeline" name="test_SPT_006_planifica_imagen" time="0.001" /><testcase classname="tests.enrichment.test_SPT_006_multilingual_multimedia_pipeline" name="test_SPT_006_video_es_opcional" time="0.001" /><testcase classname="tests.enrichment.test_SPT_006_multilingual_multimedia_pipeline" name="test_SPT_006_job_es_idempotente" time="0.001" /><testcase classname="tests.enrichment.test_SPT_006_multilingual_multimedia_pipeline" name="test_SPT_006_planifica_repositorio" time="0.014" /><testcase classname="tests.enrichment.test_SPT_006_multilingual_multimedia_pipeline" name="test_SPT_006_mock_no_hace_llamada_externa" time="0.009" /><testcase classname="tests.enrichment.test_SPT_006_multilingual_multimedia_pipeline" name="test_SPT_006_mock_genera_checksum" time="0.009" /><testcase classname="tests.enrichment.test_SPT_006_multilingual_multimedia_pipeline" name="test_SPT_006_manifiesto_reproduce_audio_no_video" time="0.001" /><testcase classname="tests.enrichment.test_SPT_006_multilingual_multimedia_pipeline" name="test_SPT_006_persistencia_idempotente" time="0.038" /><testcase classname="tests.enrichment.test_SPT_006_multilingual_multimedia_pipeline" name="test_SPT_006_pipeline_genera_manifiestos" time="0.064" /><testcase classname="tests.enrichment.test_SPT_006_multilingual_multimedia_pipeline" name="test_SPT_006_base_sqlite_registra_recursos" time="0.077" /><testcase classname="tests.enrichment.test_SPT_006_multilingual_multimedia_pipeline" name="test_SPT_006_traduccion_requiere_revision" time="0.009" /><testcase classname="tests.governance.release_management.test_SGD_114G_release_management" name="test_canonical_release_name" time="0.001" /><testcase classname="tests.governance.release_management.test_SGD_114G_release_management" name="test_parse_release_name" time="0.002" /><testcase classname="tests.governance.release_management.test_SGD_114G_release_management" name="test_collapse_duplicate_revision" time="0.001" /><testcase classname="tests.governance.release_management.test_SGD_114G_release_management" name="test_normalize_release_transaction" time="0.045" /><testcase classname="tests.governance.release_management.test_SGD_114G_release_management" name="test_reference_update_skips_empty_files" time="0.044" /><testcase classname="tests.governance.release_management.test_SGD_114G_release_management" name="test_validate_detects_manifest_mismatch" time="0.016" /><testcase classname="tests.governance.release_management.test_SGD_114G_release_management" name="test_validate_approved_repository" time="0.015" /><testcase classname="tests.governance.release_management.test_SGD_114G_v1_0_1_manifest_migration" name="test_migrate_missing_manifest" time="0.022" /><testcase classname="tests.governance.release_management.test_SGD_114G_v1_0_1_manifest_migration" name="test_migration_preserves_existing_manifest" time="0.015" /><testcase classname="tests.governance.release_management.test_SGD_114G_v1_0_1_manifest_migration" name="test_close_migrates_and_validates" time="0.019" /><testcase classname="tests.governance.release_management.test_SGD_114G_v1_0_1_manifest_migration" name="test_unknown_legacy_release_gets_manifest" time="0.020" /><testcase classname="tests.governance.repository_manager.test_SGD_117_repository_manager" name="test_audit_detects_absent_component" time="0.035" /><testcase classname="tests.governance.repository_manager.test_SGD_117_repository_manager" name="test_audit_detects_registered_component" time="0.045" /><testcase classname="tests.governance.repository_manager.test_SGD_117_repository_manager" name="test_inventory_hashes_assets" time="0.078" /><testcase classname="tests.governance.repository_manager.test_SGD_117_repository_manager" name="test_validation_accepts_complete_repository" time="0.033" /><testcase classname="tests.governance.repository_manager.test_SGD_117_repository_manager" name="test_validation_blocks_missing_master_document" time="0.026" /><testcase classname="tests.governance.repository_manager.test_SGD_117_repository_manager" name="test_validation_detects_invalid_json" time="0.036" /><testcase classname="tests.governance.repository_manager.test_SGD_117_repository_manager" name="test_report_contains_category_counts" time="0.146" /><testcase classname="tests.governance.test_SGD_114C_policy_governance_core" name="test_SGD_114C_approves_complete_context" time="0.152" /><testcase classname="tests.governance.test_SGD_114C_policy_governance_core" name="test_SGD_114C_blocks_missing_release" time="0.117" /><testcase classname="tests.governance.test_SGD_114C_policy_governance_core" name="test_SGD_114C_registry_rejects_duplicates" time="0.003" /><testcase classname="tests.governance.test_SGD_114C_policy_governance_core" name="test_SGD_114C_report_is_normalized" time="0.151" /><testcase classname="tests.governance.test_SGD_114C_policy_governance_core" name="test_SGD_114C_roadmap_failure_is_blocking" time="0.085" /><testcase classname="tests.governance.test_SGD_114D_adaptive_institutional_policy_engine" name="test_SGD_114D_canonicalizes_version_suffix" time="0.002" /><testcase classname="tests.governance.test_SGD_114D_adaptive_institutional_policy_engine" name="test_SGD_114D_builds_increment_family" time="0.003" /><testcase classname="tests.governance.test_SGD_114D_adaptive_institutional_policy_engine" name="test_SGD_114D_resolves_canonical_evidence" time="0.038" /><testcase classname="tests.governance.test_SGD_114D_adaptive_institutional_policy_engine" name="test_SGD_114D_resolves_parent_evidence" time="0.030" /><testcase classname="tests.governance.test_SGD_114D_adaptive_institutional_policy_engine" name="test_SGD_114D_rejects_empty_evidence_directory" time="0.028" /><testcase classname="tests.governance.test_SGD_114D_adaptive_institutional_policy_engine" name="test_SGD_114D_resolves_versioned_release" time="0.024" /><testcase classname="tests.governance.test_SGD_114D_adaptive_institutional_policy_engine" name="test_SGD_114D_resolves_parent_release" time="0.019" /><testcase classname="tests.governance.test_SGD_114D_adaptive_institutional_policy_engine" name="test_SGD_114D_rejects_empty_release" time="0.012" /><testcase classname="tests.governance.test_SGD_114D_adaptive_institutional_policy_engine" name="test_SGD_114D_approves_complete_increment" time="0.021" /><testcase classname="tests.governance.test_SGD_114D_adaptive_institutional_policy_engine" name="test_SGD_114D_blocks_missing_release" time="0.022" /><testcase classname="tests.governance.test_SGD_114D_adaptive_institutional_policy_engine" name="test_SGD_114D_blocks_missing_evidence" time="0.021" /><testcase classname="tests.governance.test_SGD_114D_adaptive_institutional_policy_engine" name="test_SGD_114D_is_deterministic" time="0.036" /><testcase classname="tests.governance.test_SGD_114D_release_canonical_resolver" name="test_SGD_114D_v101_canonicalizes_corrective_code" time="0.001" /><testcase classname="tests.governance.test_SGD_114D_release_canonical_resolver" name="test_SGD_114D_v101_resolves_parent_code" time="0.001" /><testcase classname="tests.governance.test_SGD_114D_release_canonical_resolver" name="test_SGD_114D_v101_family_order_is_canonical_first" time="0.001" /><testcase classname="tests.governance.test_SGD_114D_release_canonical_resolver" name="test_SGD_114D_v101_prefers_corrective_release" time="0.021" /><testcase classname="tests.governance.test_SGD_114D_release_canonical_resolver" name="test_SGD_114D_v101_accepts_populated_parent_release" time="0.016" /><testcase classname="tests.governance.test_SGD_114D_release_canonical_resolver" name="test_SGD_114D_v101_rejects_empty_parent_release" time="0.017" /><testcase classname="tests.governance.test_SGD_114D_release_canonical_resolver" name="test_SGD_114D_v101_uses_latest_version" time="0.012" /><testcase classname="tests.governance.test_SGD_114D_release_canonical_resolver" name="test_SGD_114D_v101_is_deterministic" time="0.012" /><testcase classname="tests.governance.test_SGD_114E_native_ecosystem_architecture_policy" name="test_SGD_114E_identifies_SPT_007_as_native" time="0.001" /><testcase classname="tests.governance.test_SGD_114E_native_ecosystem_architecture_policy" name="test_SGD_114E_identifies_later_SPT_as_native" time="0.001" /><testcase classname="tests.governance.test_SGD_114E_native_ecosystem_architecture_policy" name="test_SGD_114E_excludes_earlier_SPT" time="0.001" /><testcase classname="tests.governance.test_SGD_114E_native_ecosystem_architecture_policy" name="test_SGD_114E_normalizes_native_metadata" time="0.001" /><testcase classname="tests.governance.test_SGD_114E_native_ecosystem_architecture_policy" name="test_SGD_114E_approves_native_component" time="0.022" /><testcase classname="tests.governance.test_SGD_114E_native_ecosystem_architecture_policy" name="test_SGD_114E_blocks_missing_native_declaration" time="0.025" /><testcase classname="tests.governance.test_SGD_114E_native_ecosystem_architecture_policy" name="test_SGD_114E_blocks_mandatory_proprietary_dependency" time="0.023" /><testcase classname="tests.governance.test_SGD_114E_native_ecosystem_architecture_policy" name="test_SGD_114E_blocks_forbidden_terminology" time="0.022" /><testcase classname="tests.governance.test_SGD_114E_native_ecosystem_architecture_policy" name="test_SGD_114E_accepts_native_terminology" time="0.020" /><testcase classname="tests.governance.test_SGD_114E_native_ecosystem_architecture_policy" name="test_SGD_114E_ignores_non_native_components" time="0.012" /><testcase classname="tests.governance.test_SGD_114E_native_ecosystem_architecture_policy" name="test_SGD_114E_is_deterministic" time="0.023" /><testcase classname="tests.governance.test_SGD_114E_native_ecosystem_architecture_policy" name="test_SGD_114E_exit_code_is_zero_when_approved" time="0.007" /><testcase classname="tests.governance.test_SGD_114E_v1_0_3_approval_logic_fix" name="test_approves_valid_native_ecosystem" time="0.017" /><testcase classname="tests.governance.test_SGD_114E_v1_0_3_approval_logic_fix" name="test_rejects_without_native_components" time="0.015" /><testcase classname="tests.governance.test_SGD_114E_v1_0_3_approval_logic_fix" name="test_rejects_proprietary_dependency" time="0.016" /><testcase classname="tests.governance.test_SGD_114E_v1_0_3_approval_logic_fix" name="test_rejects_forbidden_term" time="0.021" /><testcase classname="tests.governance.test_SGD_114E_v1_0_3_approval_logic_fix" name="test_rejects_invalid_json" time="0.035" /><testcase classname="tests.governance.test_SGD_114E_v1_0_3_approval_logic_fix" name="test_decision_rule_uses_all_criteria" time="0.014" /><testcase classname="tests.governance.test_SGD_114E_v1_0_3_approval_logic_fix" name="test_counts_native_components" time="0.020" /><testcase classname="tests.governance.test_SGD_114E_v1_0_3_approval_logic_fix" name="test_returns_version_1_0_3" time="0.017" /><testcase classname="tests.governance.test_SGD_114E_v1_0_3_approval_logic_fix" name="test_empty_dependency_list_is_valid" time="0.014" /><testcase classname="tests.governance.test_SGD_114E_v1_0_3_approval_logic_fix" name="test_none_dependency_list_is_valid" time="0.016" /><testcase classname="tests.governance.test_SGD_114E_v1_0_5_backward_compatibility_result_model" name="test_result_supports_attribute_access" time="0.014" /><testcase classname="tests.governance.test_SGD_114E_v1_0_5_backward_compatibility_result_model" name="test_result_supports_mapping_access" time="0.014" /><testcase classname="tests.governance.test_SGD_114E_v1_0_5_backward_compatibility_result_model" name="test_result_supports_to_dict" time="0.016" /><testcase classname="tests.governance.test_SGD_114E_v1_0_5_backward_compatibility_result_model" name="test_result_is_dict_subclass" time="0.014" /><testcase classname="tests.governance.test_SGD_114E_v1_0_5_backward_compatibility_result_model" name="test_attribute_and_mapping_values_match" time="0.015" /><testcase classname="tests.governance.test_SGD_114E_v1_0_5_backward_compatibility_result_model" name="test_copy_preserves_result_model" time="0.014" /><testcase classname="tests.governance.test_SGD_114E_v1_0_5_backward_compatibility_result_model" name="test_missing_attribute_raises_attribute_error" time="0.001" /><testcase classname="tests.governance.test_SGD_114E_v1_0_5_backward_compatibility_result_model" name="test_set_attribute_updates_mapping" time="0.001" /><testcase classname="tests.governance.test_SGD_114E_v1_0_5_backward_compatibility_result_model" name="test_to_dict_returns_independent_copy" time="0.001" /><testcase classname="tests.governance.test_SGD_114E_v1_0_5_backward_compatibility_result_model" name="test_version_is_1_0_5" time="0.013" /><testcase classname="tests.governance.test_SGD_114E_v1_0_6_definitive_contract_restoration" name="test_contract_and_implementation_versions" time="0.005" /><testcase classname="tests.governance.test_SGD_114E_v1_0_6_definitive_contract_restoration" name="test_empty_repository_is_approved" time="0.005" /><testcase classname="tests.governance.test_SGD_114E_v1_0_6_definitive_contract_restoration" name="test_legacy_component_is_ignored" time="0.012" /><testcase classname="tests.governance.test_SGD_114E_v1_0_6_definitive_contract_restoration" name="test_governed_component_requires_native_flag" time="0.012" /><testcase classname="tests.governance.test_SGD_114E_v1_0_6_definitive_contract_restoration" name="test_native_component_is_counted" time="0.012" /><testcase classname="tests.governance.test_SGD_114E_v1_0_6_definitive_contract_restoration" name="test_proprietary_alias_is_preserved" time="0.013" /><testcase classname="tests.governance.test_SGD_114E_v1_0_6_definitive_contract_restoration" name="test_findings_have_attribute_contract" time="0.013" /><testcase classname="tests.governance.test_SGD_114E_v1_0_6_definitive_contract_restoration" name="test_to_dict_serializes_findings" time="0.013" /><testcase classname="tests.governance.test_SGD_114E_v1_0_6_definitive_contract_restoration" name="test_attribute_and_mapping_access_coexist" time="0.006" /><testcase classname="tests.governance.test_SGD_114E_v1_0_6_definitive_contract_restoration" name="test_copy_preserves_contract" time="0.006" /><testcase classname="tests.governance.test_SGD_114E_v2_0_0_R2_self_validation_closure" name="test_source_policy_terms_do_not_self_trigger" time="0.016" /><testcase classname="tests.governance.test_SGD_114E_v2_0_0_R2_self_validation_closure" name="test_policy_document_does_not_self_trigger" time="0.015" /><testcase classname="tests.governance.test_SGD_114E_v2_0_0_R2_self_validation_closure" name="test_active_document_is_still_validated" time="0.017" /><testcase classname="tests.governance.test_SGD_114E_v2_0_0_R2_self_validation_closure" name="test_artifacts_are_not_active_policy_scope" time="0.014" /><testcase classname="tests.governance.test_SGD_114E_v2_0_0_R2_self_validation_closure" name="test_valid_realistic_repository_is_approved" time="0.020" /><testcase classname="tests.governance.test_SGD_114E_v2_0_0_canonical_contract" name="test_canonical_implementation_version" time="0.005" /><testcase classname="tests.governance.test_SGD_114E_v2_0_0_canonical_contract" name="test_historical_mapping_contract" time="0.005" /><testcase classname="tests.governance.test_SGD_114E_v2_0_0_canonical_contract" name="test_historical_attribute_contract" time="0.005" /><testcase classname="tests.governance.test_SGD_114E_v2_0_0_canonical_contract" name="test_empty_repository_policy_and_state" time="0.005" /><testcase classname="tests.governance.test_SGD_114E_v2_0_0_canonical_contract" name="test_exit_code_matches_approval" time="0.006" /><testcase classname="tests.governance.test_SGD_114E_v2_0_0_canonical_contract" name="test_native_components_attribute_is_tuple" time="0.005" /><testcase classname="tests.governance.test_SGD_114E_v2_0_0_canonical_contract" name="test_to_dict_is_json_ready" time="0.005" /><testcase classname="tests.governance.test_SGD_114E_v2_0_0_definitive_native_ecosystem_validator" name="test_empty_repository_contract" time="0.005" /><testcase classname="tests.governance.test_SGD_114E_v2_0_0_definitive_native_ecosystem_validator" name="test_valid_native_component_all_criteria_true" time="0.012" /><testcase classname="tests.governance.test_SGD_114E_v2_0_0_definitive_native_ecosystem_validator" name="test_native_components_attribute_is_tuple" time="0.013" /><testcase classname="tests.governance.test_SGD_114E_v2_0_0_definitive_native_ecosystem_validator" name="test_missing_native_flag_is_rejected" time="0.012" /><testcase classname="tests.governance.test_SGD_114E_v2_0_0_definitive_native_ecosystem_validator" name="test_false_native_flag_is_rejected" time="0.014" /><testcase classname="tests.governance.test_SGD_114E_v2_0_0_definitive_native_ecosystem_validator" name="test_legacy_component_is_ignored" time="0.013" /><testcase classname="tests.governance.test_SGD_114E_v2_0_0_definitive_native_ecosystem_validator" name="test_proprietary_dependency_alias" time="0.013" /><testcase classname="tests.governance.test_SGD_114E_v2_0_0_definitive_native_ecosystem_validator" name="test_invalid_json_is_rejected" time="0.010" /><testcase classname="tests.governance.test_SGD_114E_v2_0_0_definitive_native_ecosystem_validator" name="test_findings_contract_and_serialization" time="0.012" /><testcase classname="tests.governance.test_SGD_114E_v2_0_0_definitive_native_ecosystem_validator" name="test_copy_preserves_contract" time="0.005" /><testcase classname="tests.governance.test_SGD_114F_institutional_test_evidence_synchronizer" name="test_SGD_114F_parses_executed_count" time="0.013" /><testcase classname="tests.governance.test_SGD_114F_institutional_test_evidence_synchronizer" name="test_SGD_114F_calculates_passed_count" time="0.010" /><testcase classname="tests.governance.test_SGD_114F_institutional_test_evidence_synchronizer" name="test_SGD_114F_detects_failures" time="0.011" /><testcase classname="tests.governance.test_SGD_114F_institutional_test_evidence_synchronizer" name="test_SGD_114F_detects_errors" time="0.010" /><testcase classname="tests.governance.test_SGD_114F_institutional_test_evidence_synchronizer" name="test_SGD_114F_preserves_duration" time="0.032" /><testcase classname="tests.governance.test_SGD_114F_institutional_test_evidence_synchronizer" name="test_SGD_114F_approves_clean_report" time="0.011" /><testcase classname="tests.governance.test_SGD_114F_institutional_test_evidence_synchronizer" name="test_SGD_114F_writes_json_summary" time="0.045" /><testcase classname="tests.governance.test_SGD_114F_institutional_test_evidence_synchronizer" name="test_SGD_114F_writes_markdown_summary" time="0.043" /><testcase classname="tests.governance.test_SGD_114F_institutional_test_evidence_synchronizer" name="test_SGD_114F_updates_existing_evidence" time="0.042" /><testcase classname="tests.governance.test_SGD_114F_institutional_test_evidence_synchronizer" name="test_SGD_114F_adds_compatibility_count" time="0.033" /><testcase classname="tests.governance.test_SGD_114F_institutional_test_evidence_synchronizer" name="test_SGD_114F_supports_single_testsuite" time="0.013" /><testcase classname="tests.governance.test_SGD_114F_institutional_test_evidence_synchronizer" name="test_SGD_114F_aggregates_multiple_suites" time="0.012" /><testcase classname="tests.governance.test_SGD_114_policy_auditor" name="test_policy_auditor_detects_failed_boolean" time="0.009" /><testcase classname="tests.governance.test_SGD_114_policy_auditor" name="test_policy_auditor_detects_failure_list" time="0.010" /><testcase classname="tests.governance.test_SGD_114_policy_auditor" name="test_policy_auditor_detects_missing_path" time="0.006" /><testcase classname="tests.governance.test_SGD_114_policy_auditor" name="test_policy_auditor_approves_complete_minimum" time="0.009" /><testcase classname="tests.governance.test_SGD_114_v2_repository_governance" name="test_SGD_114_v2_audita_estructura_completa" time="0.955" /><testcase classname="tests.governance.test_SGD_114_v2_repository_governance" name="test_SGD_114_v2_detecta_directorio_faltante" time="0.262" /><testcase classname="tests.governance.test_SGD_114_v2_repository_governance" name="test_SGD_114_v2_genera_hashes_sha256" time="0.163" /><testcase classname="tests.governance.test_SGD_114_v2_repository_governance" name="test_SGD_114_v2_excluye_directorios_ignorados" time="0.174" /><testcase classname="tests.governance.test_SGD_114_v2_repository_governance" name="test_SGD_114_v2_genera_auditoria_manifiesto_evento" time="0.478" /><testcase classname="tests.governance.test_SGD_114_v2_repository_governance" name="test_SGD_114_v2_git_limpio_opcional" time="0.815" /><testcase classname="tests.governance.test_sgd_114_evidence_policy" name="test_normaliza_variantes_del_codigo" time="0.001" /><testcase classname="tests.governance.test_sgd_114_evidence_policy" name="test_autoriza_cierre_con_evidencias_completas" time="0.077" /><testcase classname="tests.governance.test_sgd_114_evidence_policy" name="test_bloquea_cierre_si_faltan_evidencias" time="0.016" /><testcase classname="tests.governance.test_sgd_114_evidence_policy" name="test_genera_evidencia_json" time="0.061" /><testcase classname="tests.governance.test_sgd_114_evidence_policy" name="test_rechaza_estado_no_autorizado" time="0.011" /><testcase classname="tests.governance.test_sgd_114_evidence_policy" name="test_cli_no_emite_advertencia_runpy" time="0.247" /><testcase classname="tests.identity.test_SPT_005_configurable_cultural_identity" name="test_SPT_005_preserva_identidad_tecnica" time="0.023" /><testcase classname="tests.identity.test_SPT_005_configurable_cultural_identity" name="test_SPT_005_rechaza_cambio_identidad_tecnica" time="0.008" /><testcase classname="tests.identity.test_SPT_005_configurable_cultural_identity" name="test_SPT_005_registra_identidad_base" time="0.017" /><testcase classname="tests.identity.test_SPT_005_configurable_cultural_identity" name="test_SPT_005_no_activa_nombre_puinave_sin_aprobacion" time="0.018" /><testcase classname="tests.identity.test_SPT_005_configurable_cultural_identity" name="test_SPT_005_activa_identidad_aprobada" time="0.065" /><testcase classname="tests.identity.test_SPT_005_configurable_cultural_identity" name="test_SPT_005_desactiva_identidad_anterior" time="0.060" /><testcase classname="tests.identity.test_SPT_005_configurable_cultural_identity" name="test_SPT_005_registra_historial" time="0.069" /><testcase classname="tests.identity.test_SPT_005_configurable_cultural_identity" name="test_SPT_005_exporta_flutter" time="0.036" /><testcase classname="tests.identity.test_SPT_005_configurable_cultural_identity" name="test_SPT_005_exporta_web" time="0.039" /><testcase classname="tests.identity.test_SPT_005_configurable_cultural_identity" name="test_SPT_005_exporta_api" time="0.021" /><testcase classname="tests.identity.test_SPT_005_configurable_cultural_identity" name="test_SPT_005_crea_propuesta_pendiente" time="0.018" /><testcase classname="tests.identity.test_SPT_005_configurable_cultural_identity" name="test_SPT_005_rechaza_identificador_invalido" time="0.014" /><testcase classname="tests.installer_builder.test_SIB_001_installer_builder" name="test_SIB_001_valida_codigo" time="0.004" /><testcase classname="tests.installer_builder.test_SIB_001_installer_builder" name="test_SIB_001_rechaza_codigo_invalido" time="0.001" /><testcase classname="tests.installer_builder.test_SIB_001_installer_builder" name="test_SIB_001_valida_nombre" time="0.001" /><testcase classname="tests.installer_builder.test_SIB_001_installer_builder" name="test_SIB_001_genera_paquete_completo" time="0.075" /><testcase classname="tests.installer_builder.test_SIB_001_installer_builder" name="test_SIB_001_instalador_fail_fast" time="0.108" /><testcase classname="tests.installer_builder.test_SIB_001_installer_builder" name="test_SIB_001_correctivo_con_respaldo" time="0.094" /><testcase classname="tests.installer_builder.test_SIB_001_installer_builder" name="test_SIB_001_manifiesto_sha256" time="0.170" /><testcase classname="tests.installer_builder.test_SIB_001_installer_builder" name="test_SIB_001_no_sobrescribe_sin_force" time="0.099" /><testcase classname="tests.installer_builder.test_SIB_001_installer_builder" name="test_SIB_001_force_crea_respaldo" time="0.227" /><testcase classname="tests.installer_builder.test_SIB_001_installer_builder" name="test_SIB_001_comandos_spb007" time="0.117" /><testcase classname="tests.installer_builder.test_SIB_001_installer_builder" name="test_SIB_001_preview_no_escribe" time="0.025" /><testcase classname="tests.installer_builder.test_SIB_001_installer_builder" name="test_SIB_001_declara_gobierno" time="0.068" /><testcase classname="tests.knowledge_engine.test_SPT_007C_knowledge_engine" name="test_SPT_007C_builds_knowledge_graph" time="0.001" /><testcase classname="tests.knowledge_engine.test_SPT_007C_knowledge_engine" name="test_SPT_007C_rejects_unknown_node_type" time="0.002" /><testcase classname="tests.knowledge_engine.test_SPT_007C_knowledge_engine" name="test_SPT_007C_rejects_unknown_relation" time="0.001" /><testcase classname="tests.knowledge_engine.test_SPT_007C_knowledge_engine" name="test_SPT_007C_creates_symmetric_relation" time="0.001" /><testcase classname="tests.knowledge_engine.test_SPT_007C_knowledge_engine" name="test_SPT_007C_neighborhood_is_deterministic" time="0.001" /><testcase classname="tests.knowledge_engine.test_SPT_007C_knowledge_engine" name="test_SPT_007C_infers_transitive_relation" time="0.001" /><testcase classname="tests.knowledge_engine.test_SPT_007C_knowledge_engine" name="test_SPT_007C_inference_is_explainable" time="0.001" /><testcase classname="tests.knowledge_engine.test_SPT_007C_knowledge_engine" name="test_SPT_007C_finds_concept_path" time="0.001" /><testcase classname="tests.knowledge_engine.test_SPT_007C_knowledge_engine" name="test_SPT_007C_recommends_related_nodes" time="0.002" /><testcase classname="tests.knowledge_engine.test_SPT_007C_knowledge_engine" name="test_SPT_007C_integrates_oda_and_media" time="0.003" /><testcase classname="tests.knowledge_engine.test_SPT_007C_knowledge_engine" name="test_SPT_007C_no_invention_contract" time="0.002" /><testcase classname="tests.knowledge_engine.test_SPT_007C_knowledge_engine" name="test_SPT_007C_uses_validated_edges_only" time="0.005" /><testcase classname="tests.knowledge_engine.test_SPT_007C_knowledge_engine" name="test_SPT_007C_reads_json_graph" time="0.030" /><testcase classname="tests.knowledge_engine.test_SPT_007C_knowledge_engine" name="test_SPT_007C_service_serializes_query" time="0.003" /><testcase classname="tests.language_engine.test_SPT_006A_free_local_multilingual_engine" name="test_SPT_006A_loads_allowlist" time="0.017" /><testcase classname="tests.language_engine.test_SPT_006A_free_local_multilingual_engine" name="test_SPT_006A_accepts_free_verified_model" time="0.005" /><testcase classname="tests.language_engine.test_SPT_006A_free_local_multilingual_engine" name="test_SPT_006A_blocks_paid_model" time="0.002" /><testcase classname="tests.language_engine.test_SPT_006A_free_local_multilingual_engine" name="test_SPT_006A_blocks_api_key_model" time="0.003" /><testcase classname="tests.language_engine.test_SPT_006A_free_local_multilingual_engine" name="test_SPT_006A_blocks_unknown_license" time="0.005" /><testcase classname="tests.language_engine.test_SPT_006A_free_local_multilingual_engine" name="test_SPT_006A_filters_approved_models" time="0.022" /><testcase classname="tests.language_engine.test_SPT_006A_free_local_multilingual_engine" name="test_SPT_006A_diagnostic_is_offline" time="0.060" /><testcase classname="tests.language_engine.test_SPT_006A_free_local_multilingual_engine" name="test_SPT_006A_argos_inventory_is_safe" time="0.009" /><testcase classname="tests.language_engine.test_SPT_006A_free_local_multilingual_engine" name="test_SPT_006A_engine_reports_required_locales" time="0.017" /><testcase classname="tests.language_engine.test_SPT_006A_free_local_multilingual_engine" name="test_SPT_006A_engine_reports_en_us" time="0.048" /><testcase classname="tests.language_engine.test_SPT_006A_free_local_multilingual_engine" name="test_SPT_006A_engine_blocks_unapproved_it_it" time="0.061" /><testcase classname="tests.language_engine.test_SPT_006A_free_local_multilingual_engine" name="test_SPT_006A_publishes_diagnostic" time="0.103" /><testcase classname="tests.learning_analytics.test_SPT_016_learning_analytics_engine" name="test_registers_event" time="0.005" /><testcase classname="tests.learning_analytics.test_SPT_016_learning_analytics_engine" name="test_rejects_invalid_event_id" time="0.002" /><testcase classname="tests.learning_analytics.test_SPT_016_learning_analytics_engine" name="test_rejects_missing_learner" time="0.002" /><testcase classname="tests.learning_analytics.test_SPT_016_learning_analytics_engine" name="test_rejects_invalid_type" time="0.002" /><testcase classname="tests.learning_analytics.test_SPT_016_learning_analytics_engine" name="test_rejects_invalid_score" time="0.002" /><testcase classname="tests.learning_analytics.test_SPT_016_learning_analytics_engine" name="test_detects_duplicate" time="0.006" /><testcase classname="tests.learning_analytics.test_SPT_016_learning_analytics_engine" name="test_mastery_without_events" time="0.003" /><testcase classname="tests.learning_analytics.test_SPT_016_learning_analytics_engine" name="test_mastery_average" time="0.004" /><testcase classname="tests.learning_analytics.test_SPT_016_learning_analytics_engine" name="test_progress_counts_events" time="0.002" /><testcase classname="tests.learning_analytics.test_SPT_016_learning_analytics_engine" name="test_trend_improving" time="0.004" /><testcase classname="tests.learning_analytics.test_SPT_016_learning_analytics_engine" name="test_trend_declining" time="0.002" /><testcase classname="tests.learning_analytics.test_SPT_016_learning_analytics_engine" name="test_alerts_low_mastery" time="0.002" /><testcase classname="tests.learning_analytics.test_SPT_016_learning_analytics_engine" name="test_recommend_reinforcement" time="0.002" /><testcase classname="tests.learning_analytics.test_SPT_016_learning_analytics_engine" name="test_recommend_advance" time="0.002" /><testcase classname="tests.learning_analytics.test_SPT_016_learning_analytics_engine" name="test_dashboard" time="0.003" /><testcase classname="tests.learning_analytics.test_SPT_016_learning_analytics_engine" name="test_entry_analytics" time="0.002" /><testcase classname="tests.learning_analytics.test_SPT_016_learning_analytics_engine" name="test_competency_analytics" time="0.002" /><testcase classname="tests.learning_analytics.test_SPT_016_learning_analytics_engine" name="test_recommendation_operation" time="0.005" /><testcase classname="tests.learning_analytics.test_SPT_016_learning_analytics_engine" name="test_export_dashboard" time="0.030" /><testcase classname="tests.learning_analytics.test_SPT_016_learning_analytics_engine" name="test_stats" time="0.006" /><testcase classname="tests.learning_analytics.test_SPT_016_learning_analytics_engine" name="test_no_invention" time="0.004" /><testcase classname="tests.learning_analytics.test_SPT_016_learning_analytics_engine" name="test_unknown_operation" time="0.002" /><testcase classname="tests.learning_foundation.test_SPT_013A_learning_ecosystem_foundation" name="test_SPT_013A_has_six_capabilities" time="0.006" /><testcase classname="tests.learning_foundation.test_SPT_013A_learning_ecosystem_foundation" name="test_SPT_013A_starts_with_SPT_013" time="0.008" /><testcase classname="tests.learning_foundation.test_SPT_013A_learning_ecosystem_foundation" name="test_SPT_013A_ends_with_SPT_018" time="0.004" /><testcase classname="tests.learning_foundation.test_SPT_013A_learning_ecosystem_foundation" name="test_SPT_013A_all_capabilities_are_native" time="0.009" /><testcase classname="tests.learning_foundation.test_SPT_013A_learning_ecosystem_foundation" name="test_SPT_013A_has_no_dependency_gaps" time="0.005" /><testcase classname="tests.learning_foundation.test_SPT_013A_learning_ecosystem_foundation" name="test_SPT_013A_status_is_operational" time="0.001" /><testcase classname="tests.learning_foundation.test_SPT_013A_learning_ecosystem_foundation" name="test_SPT_013A_declares_phase_four" time="0.005" /><testcase classname="tests.learning_foundation.test_SPT_013A_learning_ecosystem_foundation" name="test_SPT_013A_declares_open_technology" time="0.006" /><testcase classname="tests.learning_foundation.test_SPT_013A_learning_ecosystem_foundation" name="test_SPT_013A_preserves_no_invention" time="0.004" /><testcase classname="tests.learning_foundation.test_SPT_013A_learning_ecosystem_foundation" name="test_SPT_013A_lists_capabilities" time="0.005" /><testcase classname="tests.learning_foundation.test_SPT_013A_learning_ecosystem_foundation" name="test_SPT_013A_validates_foundation" time="0.005" /><testcase classname="tests.learning_foundation.test_SPT_013A_learning_ecosystem_foundation" name="test_SPT_013A_rejects_unknown_operation" time="0.005" /><testcase classname="tests.learning_foundation.test_SPT_013A_learning_ecosystem_foundation" name="test_SPT_013A_is_deterministic" time="0.002" /><testcase classname="tests.learning_foundation.test_SPT_013A_learning_ecosystem_foundation" name="test_SPT_013A_domains_are_complete" time="0.004" /><testcase classname="tests.learning_platform.test_SPT_012_sgoda_learning_platform" name="test_SPT_012_loads_only_validated_dictionary" time="0.023" /><testcase classname="tests.learning_platform.test_SPT_012_sgoda_learning_platform" name="test_SPT_012_searches_dictionary" time="0.029" /><testcase classname="tests.learning_platform.test_SPT_012_sgoda_learning_platform" name="test_SPT_012_builds_oda" time="0.047" /><testcase classname="tests.learning_platform.test_SPT_012_sgoda_learning_platform" name="test_SPT_012_oda_contains_media" time="0.042" /><testcase classname="tests.learning_platform.test_SPT_012_sgoda_learning_platform" name="test_SPT_012_builds_learning_path" time="0.039" /><testcase classname="tests.learning_platform.test_SPT_012_sgoda_learning_platform" name="test_SPT_012_evaluates_correct_answer" time="0.035" /><testcase classname="tests.learning_platform.test_SPT_012_sgoda_learning_platform" name="test_SPT_012_evaluates_incorrect_answer" time="0.039" /><testcase classname="tests.learning_platform.test_SPT_012_sgoda_learning_platform" name="test_SPT_012_records_progress" time="0.050" /><testcase classname="tests.learning_platform.test_SPT_012_sgoda_learning_platform" name="test_SPT_012_returns_progress" time="0.044" /><testcase classname="tests.learning_platform.test_SPT_012_sgoda_learning_platform" name="test_SPT_012_exposes_integrated_capabilities" time="0.040" /><testcase classname="tests.learning_platform.test_SPT_012_sgoda_learning_platform" name="test_SPT_012_returns_not_found_without_invention" time="0.033" /><testcase classname="tests.learning_platform.test_SPT_012_sgoda_learning_platform" name="test_SPT_012_rejects_unsupported_operation" time="0.035" /><testcase classname="tests.learning_platform.test_SPT_012_sgoda_learning_platform" name="test_SPT_012_is_deterministic" time="0.040" /><testcase classname="tests.learning_platform.test_SPT_012_sgoda_learning_platform" name="test_SPT_012_preserves_four_languages" time="0.031" /><testcase classname="tests.lexical_engine.test_SPT_007A_intelligent_lexical_engine" name="test_SPT_007A_normalizes_unicode_and_case" time="0.001" /><testcase classname="tests.lexical_engine.test_SPT_007A_intelligent_lexical_engine" name="test_SPT_007A_exact_search" time="0.007" /><testcase classname="tests.lexical_engine.test_SPT_007A_intelligent_lexical_engine" name="test_SPT_007A_multilingual_search" time="0.001" /><testcase classname="tests.lexical_engine.test_SPT_007A_intelligent_lexical_engine" name="test_SPT_007A_prefix_search" time="0.005" /><testcase classname="tests.lexical_engine.test_SPT_007A_intelligent_lexical_engine" name="test_SPT_007A_fuzzy_search" time="0.004" /><testcase classname="tests.lexical_engine.test_SPT_007A_intelligent_lexical_engine" name="test_SPT_007A_can_filter_unvalidated" time="0.005" /><testcase classname="tests.lexical_engine.test_SPT_007A_intelligent_lexical_engine" name="test_SPT_007A_ranking_is_deterministic" time="0.001" /><testcase classname="tests.lexical_engine.test_SPT_007A_intelligent_lexical_engine" name="test_SPT_007A_multimedia_manifest" time="0.004" /><testcase classname="tests.lexical_engine.test_SPT_007A_intelligent_lexical_engine" name="test_SPT_007A_reads_json_rlb" time="0.023" /><testcase classname="tests.lexical_engine.test_SPT_007A_intelligent_lexical_engine" name="test_SPT_007A_no_invention_contract" time="0.003" /><testcase classname="tests.lexical_engine.test_SPT_007B_semantic_lexical_engine" name="test_SPT_007B_builds_multilingual_index" time="0.007" /><testcase classname="tests.lexical_engine.test_SPT_007B_semantic_lexical_engine" name="test_SPT_007B_indexes_explicit_variants" time="0.002" /><testcase classname="tests.lexical_engine.test_SPT_007B_semantic_lexical_engine" name="test_SPT_007B_reads_relations" time="0.002" /><testcase classname="tests.lexical_engine.test_SPT_007B_semantic_lexical_engine" name="test_SPT_007B_expands_results_by_relation" time="0.008" /><testcase classname="tests.lexical_engine.test_SPT_007B_semantic_lexical_engine" name="test_SPT_007B_hybrid_ranking_is_deterministic" time="0.006" /><testcase classname="tests.lexical_engine.test_SPT_007B_semantic_lexical_engine" name="test_SPT_007B_reports_relation_explanation" time="0.007" /><testcase classname="tests.lexical_engine.test_SPT_007B_semantic_lexical_engine" name="test_SPT_007B_generates_safe_suggestions" time="0.007" /><testcase classname="tests.lexical_engine.test_SPT_007B_semantic_lexical_engine" name="test_SPT_007B_no_invention_contract" time="0.007" /><testcase classname="tests.lexical_engine.test_SPT_007B_semantic_lexical_engine" name="test_SPT_007B_serializes_multilingual_result" time="0.007" /><testcase classname="tests.lexical_engine.test_SPT_007B_semantic_lexical_engine" name="test_SPT_007B_reads_json_relations" time="0.021" /><testcase classname="tests.lexical_engine.test_SPT_007B_semantic_lexical_engine" name="test_SPT_007B_rejects_unknown_relation_types" time="0.002" /><testcase classname="tests.lexical_engine.test_SPT_007B_semantic_lexical_engine" name="test_SPT_007B_only_uses_validated_relations_by_default" time="0.002" /><testcase classname="tests.media.test_ADR_010_rmr_repository" name="test_ADR_010_crea_tablas_e_indices" time="0.077" /><testcase classname="tests.media.test_ADR_010_rmr_repository" name="test_ADR_010_upsert_es_idempotente" time="0.159" /><testcase classname="tests.media.test_ADR_010_rmr_repository" name="test_ADR_010_admite_tipos_dinamicos" time="0.135" /><testcase classname="tests.media.test_ADR_010_rmr_repository" name="test_ADR_010_consulta_paginada_y_filtrada" time="0.144" /><testcase classname="tests.media.test_ADR_010_rmr_repository" name="test_ADR_010_migra_slots_oda" time="0.211" /><testcase classname="tests.media.test_ADR_010_rmr_repository" name="test_ADR_010_exporta_jsonl_en_flujo" time="0.515" /><testcase classname="tests.media.test_ADR_010_rmr_repository" name="test_ADR_010_capacidad_real_120000_recursos" time="6.413" /><testcase classname="tests.multimedia_engine.test_SPT_014_intelligent_multimedia_engine" name="test_SPT_014_registers_resource" time="0.001" /><testcase classname="tests.multimedia_engine.test_SPT_014_intelligent_multimedia_engine" name="test_SPT_014_rejects_invalid_resource_id" time="0.001" /><testcase classname="tests.multimedia_engine.test_SPT_014_intelligent_multimedia_engine" name="test_SPT_014_rejects_invalid_entry_id" time="0.001" /><testcase classname="tests.multimedia_engine.test_SPT_014_intelligent_multimedia_engine" name="test_SPT_014_rejects_invalid_format" time="0.001" /><testcase classname="tests.multimedia_engine.test_SPT_014_intelligent_multimedia_engine" name="test_SPT_014_rejects_absolute_uri" time="0.001" /><testcase classname="tests.multimedia_engine.test_SPT_014_intelligent_multimedia_engine" name="test_SPT_014_detects_duplicate_id" time="0.001" /><testcase classname="tests.multimedia_engine.test_SPT_014_intelligent_multimedia_engine" name="test_SPT_014_gets_resource" time="0.001" /><testcase classname="tests.multimedia_engine.test_SPT_014_intelligent_multimedia_engine" name="test_SPT_014_lists_resources_for_entry" time="0.001" /><testcase classname="tests.multimedia_engine.test_SPT_014_intelligent_multimedia_engine" name="test_SPT_014_filters_validated_resources" time="0.001" /><testcase classname="tests.multimedia_engine.test_SPT_014_intelligent_multimedia_engine" name="test_SPT_014_builds_incomplete_oda" time="0.001" /><testcase classname="tests.multimedia_engine.test_SPT_014_intelligent_multimedia_engine" name="test_SPT_014_builds_complete_oda" time="0.001" /><testcase classname="tests.multimedia_engine.test_SPT_014_intelligent_multimedia_engine" name="test_SPT_014_imports_manifest" time="0.011" /><testcase classname="tests.multimedia_engine.test_SPT_014_intelligent_multimedia_engine" name="test_SPT_014_exports_manifest" time="0.008" /><testcase classname="tests.multimedia_engine.test_SPT_014_intelligent_multimedia_engine" name="test_SPT_014_audit_passes_clean_repository" time="0.001" /><testcase classname="tests.multimedia_engine.test_SPT_014_intelligent_multimedia_engine" name="test_SPT_014_reports_stats" time="0.001" /><testcase classname="tests.multimedia_engine.test_SPT_014_intelligent_multimedia_engine" name="test_SPT_014_preserves_no_invention" time="0.001" /><testcase classname="tests.multimedia_engine.test_SPT_014_intelligent_multimedia_engine" name="test_SPT_014_rejects_unknown_operation" time="0.001" /><testcase classname="tests.multimedia_engine.test_SPT_014_intelligent_multimedia_engine" name="test_SPT_014_is_deterministic" time="0.001" /><testcase classname="tests.oda.test_SPT_002_oda_engine" name="test_SPT_002_genera_oda_deterministico" time="0.001" /><testcase classname="tests.oda.test_SPT_002_oda_engine" name="test_SPT_002_crea_cuatro_slots_multimedia" time="0.001" /><testcase classname="tests.oda.test_SPT_002_oda_engine" name="test_SPT_002_preserva_campos_extensibles" time="0.001" /><testcase classname="tests.oda.test_SPT_002_oda_engine" name="test_SPT_002_bloquea_registro_incompleto" time="0.001" /><testcase classname="tests.oda.test_SPT_002_oda_engine" name="test_SPT_002_publica_repositorio_y_manifiesto" time="0.110" /><testcase classname="tests.oda.test_SPT_002_oda_engine" name="test_SPT_002_cli_sin_advertencias" time="0.175" /><testcase classname="tests.operational_platform.test_SPT_011_operational_sgoda_platform" name="test_SPT_011_loads_validated_rlb" time="0.011" /><testcase classname="tests.operational_platform.test_SPT_011_operational_sgoda_platform" name="test_SPT_011_reports_healthy_runtime" time="0.023" /><testcase classname="tests.operational_platform.test_SPT_011_operational_sgoda_platform" name="test_SPT_011_builds_flutter_lexical_card" time="0.019" /><testcase classname="tests.operational_platform.test_SPT_011_operational_sgoda_platform" name="test_SPT_011_includes_validated_media" time="0.015" /><testcase classname="tests.operational_platform.test_SPT_011_operational_sgoda_platform" name="test_SPT_011_returns_not_found_without_invention" time="0.016" /><testcase classname="tests.operational_platform.test_SPT_011_operational_sgoda_platform" name="test_SPT_011_lists_entries" time="0.017" /><testcase classname="tests.operational_platform.test_SPT_011_operational_sgoda_platform" name="test_SPT_011_builds_n8n_event" time="0.016" /><testcase classname="tests.operational_platform.test_SPT_011_operational_sgoda_platform" name="test_SPT_011_n8n_event_is_idempotent" time="0.001" /><testcase classname="tests.operational_platform.test_SPT_011_operational_sgoda_platform" name="test_SPT_011_rejects_unknown_n8n_operation" time="0.001" /><testcase classname="tests.operational_platform.test_SPT_011_operational_sgoda_platform" name="test_SPT_011_rejects_unsupported_operation" time="0.017" /><testcase classname="tests.operational_platform.test_SPT_011_operational_sgoda_platform" name="test_SPT_011_is_deterministic" time="0.027" /><testcase classname="tests.operational_platform.test_SPT_011_operational_sgoda_platform" name="test_SPT_011_preserves_four_languages" time="0.015" /><testcase classname="tests.operational_platform.test_SPT_011_operational_sgoda_platform" name="test_SPT_011_runtime_status_is_explicit" time="0.012" /><testcase classname="tests.operational_platform.test_SPT_011_operational_sgoda_platform" name="test_SPT_011_settings_are_loaded" time="0.008" /><testcase classname="tests.pedagogical_ai.test_SPT_018_pedagogical_ai" name="test_health_is_native_and_open" time="0.007" /><testcase classname="tests.pedagogical_ai.test_SPT_018_pedagogical_ai" name="test_recommendation_uses_knowledge_center" time="0.010" /><testcase classname="tests.pedagogical_ai.test_SPT_018_pedagogical_ai" name="test_low_scores_trigger_reinforcement" time="0.012" /><testcase classname="tests.pedagogical_ai.test_SPT_018_pedagogical_ai" name="test_high_scores_trigger_challenge" time="0.011" /><testcase classname="tests.pedagogical_ai.test_SPT_018_pedagogical_ai" name="test_pronunciation_need_selects_multimedia" time="0.011" /><testcase classname="tests.pedagogical_ai.test_SPT_018_pedagogical_ai" name="test_sensitive_domain_is_blocked_without_permission" time="0.010" /><testcase classname="tests.pedagogical_ai.test_SPT_018_pedagogical_ai" name="test_sensitive_domain_can_be_authorized" time="0.013" /><testcase classname="tests.pedagogical_ai.test_SPT_018_pedagogical_ai" name="test_recommendation_is_explainable" time="0.011" /><testcase classname="tests.pedagogical_ai.test_SPT_018_pedagogical_ai" name="test_recommendation_id_is_deterministic" time="0.009" /><testcase classname="tests.pedagogical_ai.test_SPT_018_pedagogical_ai" name="test_invalid_learner_is_rejected" time="0.010" /><testcase classname="tests.pedagogical_ai.test_SPT_018_pedagogical_ai" name="test_result_is_json_serializable" time="0.011" /><testcase classname="tests.pedagogical_ai.test_SPT_018_pedagogical_ai" name="test_existing_tutor_is_importable" time="0.001" /><testcase classname="tests.platform.test_SPT_010_integrated_digital_platform" name="test_SPT_010_registers_integrated_capabilities" time="0.001" /><testcase classname="tests.platform.test_SPT_010_integrated_digital_platform" name="test_SPT_010_rejects_duplicate_capability" time="0.001" /><testcase classname="tests.platform.test_SPT_010_integrated_digital_platform" name="test_SPT_010_executes_knowledge_query" time="0.015" /><testcase classname="tests.platform.test_SPT_010_integrated_digital_platform" name="test_SPT_010_executes_reasoning_query" time="0.014" /><testcase classname="tests.platform.test_SPT_010_integrated_digital_platform" name="test_SPT_010_builds_learning_path" time="0.011" /><testcase classname="tests.platform.test_SPT_010_integrated_digital_platform" name="test_SPT_010_executes_conversation" time="0.010" /><testcase classname="tests.platform.test_SPT_010_integrated_digital_platform" name="test_SPT_010_identity_is_configurable" time="0.010" /><testcase classname="tests.platform.test_SPT_010_integrated_digital_platform" name="test_SPT_010_reports_pending_adapter" time="0.011" /><testcase classname="tests.platform.test_SPT_010_integrated_digital_platform" name="test_SPT_010_rejects_unknown_operation" time="0.012" /><testcase classname="tests.platform.test_SPT_010_integrated_digital_platform" name="test_SPT_010_module_health_detects_components" time="0.001" /><testcase classname="tests.platform.test_SPT_010_integrated_digital_platform" name="test_SPT_010_is_deterministic" time="0.011" /><testcase classname="tests.platform.test_SPT_010_integrated_digital_platform" name="test_SPT_010_preserves_no_invention" time="0.011" /><testcase classname="tests.platform.test_SPT_010_payload_compatibility" name="test_SPT_010_loads_standard_json_payload" time="0.001" /><testcase classname="tests.platform.test_SPT_010_payload_compatibility" name="test_SPT_010_repairs_single_quoted_payload" time="0.001" /><testcase classname="tests.platform.test_SPT_010_payload_compatibility" name="test_SPT_010_repairs_escaped_quotes" time="0.001" /><testcase classname="tests.platform.test_SPT_010_payload_compatibility" name="test_SPT_010_loads_payload_file" time="0.011" /><testcase classname="tests.platform.test_SPT_010_payload_compatibility" name="test_SPT_010_reads_utf8_bom_payload_file" time="0.012" /><testcase classname="tests.platform.test_SPT_010_payload_compatibility" name="test_SPT_010_payload_file_has_priority" time="0.011" /><testcase classname="tests.platform.test_SPT_010_payload_compatibility" name="test_SPT_010_rejects_non_object_payload" time="0.002" /><testcase classname="tests.platform.test_SPT_010_payload_compatibility" name="test_SPT_010_rejects_invalid_payload" time="0.001" /><testcase classname="tests.platform.test_SPT_010_payload_compatibility" name="test_SPT_010_rejects_missing_payload_file" time="0.010" /><testcase classname="tests.platform.test_SPT_010_payload_compatibility" name="test_SPT_010_empty_payload_defaults_to_object" time="0.001" /><testcase classname="tests.platform.test_SPT_010_payload_compatibility" name="test_SPT_010_payload_is_deterministic" time="0.001" /><testcase classname="tests.platform.test_SPT_010_payload_compatibility" name="test_SPT_010_payload_preserves_unicode" time="0.001" /><testcase classname="tests.pmo.audit.test_b1_3_quality" name="test_explicit_blocking_flag_controls_verdict" time="0.001" /><testcase classname="tests.pmo.audit.test_b1_3_quality" name="test_quality_check_detects_mojibake_and_backup" time="0.015" /><testcase classname="tests.pmo.audit.test_b1_3_quality" name="test_quality_check_passes_clean_utf8_tree" time="0.014" /><testcase classname="tests.pmo.audit.test_modular_auditor" name="test_critical_failure_blocks_closure" time="0.001" /><testcase classname="tests.pmo.audit.test_modular_auditor" name="test_orchestrator_runs" time="0.443" /><testcase classname="tests.pmo.audit.test_modular_auditor" name="test_reporters" time="0.013" /><testcase classname="tests.pmo.audit.test_native_repository_auditor" name="test_missing_repository_requirements_are_blocking" time="0.010" /><testcase classname="tests.pmo.evidence.test_retention_manager" name="test_manifest_gets_permanent_policy" time="0.045" /><testcase classname="tests.pmo.evidence.test_retention_manager" name="test_dry_run_does_not_change_registry" time="0.042" /><testcase classname="tests.pmo.evidence.test_retention_manager" name="test_apply_persists_decision" time="0.048" /><testcase classname="tests.pmo.evidence.test_retention_manager" name="test_expired_record_becomes_review" time="0.051" /><testcase classname="tests.pmo.evidence.test_retention_manager" name="test_legal_hold_overrides_expiry" time="0.063" /><testcase classname="tests.pmo.evidence.test_sems_core" name="test_manifest_and_hash" time="0.014" /><testcase classname="tests.pmo.evidence.test_sems_core" name="test_archive_integrity" time="0.064" /><testcase classname="tests.pmo.evidence.test_sems_core" name="test_manager_lifecycle" time="0.117" /><testcase classname="tests.pmo.evidence.test_sems_core" name="test_duplicate_rejected" time="0.103" /><testcase classname="tests.pmo.repository.mmgr.test_models" name="test_asset_accepts_valid_data" time="0.001" /><testcase classname="tests.pmo.repository.mmgr.test_models" name="test_asset_normalizes_windows_path_and_text" time="0.001" /><testcase classname="tests.pmo.repository.mmgr.test_models" name="test_asset_rejects_invalid_identifier[MMGR-1]" time="0.001" /><testcase classname="tests.pmo.repository.mmgr.test_models" name="test_asset_rejects_invalid_identifier[MMGR-00001]" time="0.001" /><testcase classname="tests.pmo.repository.mmgr.test_models" name="test_asset_rejects_invalid_identifier[MMGR-0000001]" time="0.002" /><testcase classname="tests.pmo.repository.mmgr.test_models" name="test_asset_rejects_invalid_identifier[mmgr-000001]" time="0.001" /><testcase classname="tests.pmo.repository.mmgr.test_models" name="test_asset_rejects_invalid_identifier[ASSET-000001]" time="0.001" /><testcase classname="tests.pmo.repository.mmgr.test_models" name="test_asset_rejects_invalid_identifier[]" time="0.001" /><testcase classname="tests.pmo.repository.mmgr.test_models" name="test_asset_rejects_absolute_path" time="0.001" /><testcase classname="tests.pmo.repository.mmgr.test_models" name="test_asset_rejects_parent_path_escape" time="0.002" /><testcase classname="tests.pmo.repository.mmgr.test_models" name="test_asset_rejects_self_dependency" time="0.001" /><testcase classname="tests.pmo.repository.mmgr.test_models" name="test_asset_rejects_invalid_dependency_identifier" time="0.001" /><testcase classname="tests.pmo.repository.mmgr.test_models" name="test_traceability_rejects_duplicate_values" time="0.001" /><testcase classname="tests.pmo.repository.mmgr.test_models" name="test_asset_round_trip_dictionary" time="0.002" /><testcase classname="tests.pmo.repository.mmgr.test_models" name="test_to_dict_is_json_compatible" time="0.001" /><testcase classname="tests.pmo.repository.mmgr.test_models" name="test_domain_catalog_contains_expected_values" time="0.001" /><testcase classname="tests.pmo.repository.mmgr.test_models" name="test_asset_is_immutable" time="0.009" /><testcase classname="tests.pmo.utf8.test_repository_utf8" name="test_detects_utf8_file" time="0.014" /><testcase classname="tests.pmo.utf8.test_repository_utf8" name="test_detects_utf8_bom" time="0.012" /><testcase classname="tests.pmo.utf8.test_repository_utf8" name="test_detects_mojibake" time="0.015" /><testcase classname="tests.pmo.utf8.test_repository_utf8" name="test_repairs_reversible_mojibake" time="0.001" /><testcase classname="tests.pmo.utf8.test_repository_utf8" name="test_detects_mixed_newlines" time="0.001" /><testcase classname="tests.publisher.test_SPB_007_institutional_publisher" name="test_SPB_007_valida_raiz_git" time="0.557" /><testcase classname="tests.publisher.test_SPB_007_institutional_publisher" name="test_SPB_007_detecta_rama_actual" time="0.511" /><testcase classname="tests.publisher.test_SPB_007_institutional_publisher" name="test_SPB_007_upstream_ausente_es_valido" time="0.621" /><testcase classname="tests.publisher.test_SPB_007_institutional_publisher" name="test_SPB_007_staging_supera_safecrlf" time="1.080" /><testcase classname="tests.publisher.test_SPB_007_institutional_publisher" name="test_SPB_007_auditoria_previa_genera_evidencia" time="0.823" /><testcase classname="tests.publisher.test_SPB_007_institutional_publisher" name="test_SPB_007_no_publica_durante_pruebas" time="0.961" /><testcase classname="tests.puinave_knowledge_center.test_SPT_017_puinave_knowledge_center" name="test_health" time="0.001" /><testcase classname="tests.puinave_knowledge_center.test_SPT_017_puinave_knowledge_center" name="test_register_get" time="0.002" /><testcase classname="tests.puinave_knowledge_center.test_SPT_017_puinave_knowledge_center" name="test_validation" time="0.002" /><testcase classname="tests.puinave_knowledge_center.test_SPT_017_puinave_knowledge_center" name="test_dictionary_bridge" time="0.005" /><testcase classname="tests.puinave_knowledge_center.test_SPT_017_puinave_knowledge_center" name="test_analytics_bridge" time="0.004" /><testcase classname="tests.puinave_knowledge_center.test_SPT_017_puinave_knowledge_center" name="test_search_accents_case" time="0.005" /><testcase classname="tests.puinave_knowledge_center.test_SPT_017_puinave_knowledge_center" name="test_filters" time="0.005" /><testcase classname="tests.puinave_knowledge_center.test_SPT_017_puinave_knowledge_center" name="test_persistence" time="0.075" /><testcase classname="tests.puinave_knowledge_center.test_SPT_017_puinave_knowledge_center" name="test_provenance" time="0.001" /><testcase classname="tests.puinave_knowledge_center.test_SPT_017_puinave_knowledge_center" name="test_existing_engine" time="0.006" /><testcase classname="tests.puinave_knowledge_center.test_SPT_017_puinave_knowledge_center" name="test_contracts" time="0.006" /><testcase classname="tests.puinave_knowledge_center.test_SPT_017_puinave_knowledge_center" name="test_json_ready" time="0.013" /><testcase classname="tests.reasoning_engine.test_SPT_007D_reasoning_engine" name="test_SPT_007D_returns_direct_conclusion" time="0.012" /><testcase classname="tests.reasoning_engine.test_SPT_007D_reasoning_engine" name="test_SPT_007D_supports_transitive_reasoning" time="0.003" /><testcase classname="tests.reasoning_engine.test_SPT_007D_reasoning_engine" name="test_SPT_007D_is_explainable" time="0.004" /><testcase classname="tests.reasoning_engine.test_SPT_007D_reasoning_engine" name="test_SPT_007D_no_invention_when_node_missing" time="0.004" /><testcase classname="tests.reasoning_engine.test_SPT_007D_reasoning_engine" name="test_SPT_007D_uses_validated_edges_only" time="0.008" /><testcase classname="tests.reasoning_engine.test_SPT_007D_reasoning_engine" name="test_SPT_007D_is_deterministic" time="0.010" /><testcase classname="tests.rlb.test_SPT_001B_P06_contract" name="test_SPT_001B_P06_declara_componente_y_artefactos" time="0.007" /><testcase classname="tests.rlb.test_SPT_001B_P07_header_normalizer" name="test_SPT_001B_P07_normaliza_tildes_y_signos" time="0.004" /><testcase classname="tests.rlb.test_SPT_001B_P07_header_normalizer" name="test_SPT_001B_P07_detecta_equivalencia_puinave" time="0.049" /><testcase classname="tests.rlb.test_SPT_001B_P07_header_normalizer" name="test_SPT_001B_P07_solo_aprueba_alta_confianza" time="0.036" /><testcase classname="tests.rlb.test_SPT_001B_P07_header_normalizer" name="test_SPT_001B_P07_reprocesa_excel_sin_modificar_original" time="0.225" /><testcase classname="tests.rlb.test_SPT_001B_P08_canonical_closure" name="test_SPT_001B_P08_consolida_linea_base" time="0.159" /><testcase classname="tests.rlb.test_SPT_001B_P08_canonical_closure" name="test_SPT_001B_P08_genera_id_deterministico" time="0.321" /><testcase classname="tests.rlb.test_SPT_001B_P08_canonical_closure" name="test_SPT_001B_P08_rechaza_errores_residuales" time="0.042" /><testcase classname="tests.rlb.test_SPT_001B_P08_canonical_closure" name="test_SPT_001B_P08_manifiesto_contiene_hashes" time="0.155" /><testcase classname="tests.rlb.test_SPT_001B_P08_canonical_closure" name="test_SPT_001B_P08_validacion_final_aprobada" time="0.129" /><testcase classname="tests.rlb.test_excel_reader" name="test_lector_excel_perfila_mapea_y_preserva_datos" time="0.112" /><testcase classname="tests.rlb.test_exporter" name="test_exporta_tres_artefactos_json" time="0.105" /><testcase classname="tests.rlb.test_exporter" name="test_rechaza_resultado_sin_perfil" time="0.007" /><testcase classname="tests.rlb.test_pipeline_p06" name="test_pipeline_genera_artefactos_evento_y_resumen" time="0.143" /><testcase classname="tests.rlb.test_pipeline_p06" name="test_cli_ejecuta_sin_advertencias" time="0.561" /><testcase classname="tests.rlb.test_pipeline_p06" name="test_pipeline_rechaza_excel_inexistente" time="0.011" /><testcase classname="tests.rlb.test_schema" name="test_mapea_aliases_y_preserva_origen" time="0.002" /><testcase classname="tests.rlb.test_schema" name="test_preserva_columnas_nuevas_sin_perder_datos" time="0.004" /><testcase classname="tests.rlb.test_schema" name="test_informa_palabra_obligatoria_faltante" time="0.003" /><testcase classname="tests.rlb.test_schema" name="test_rechaza_aliases_duplicados" time="0.003" /><testcase classname="tests.roadmap.test_SGD_116B_institutional_roadmap_closure" name="test_SGD_116B_resolves_aliases[SGD-114-v2.0.1-SGD-114]" time="0.001" /><testcase classname="tests.roadmap.test_SGD_116B_institutional_roadmap_closure" name="test_SGD_116B_resolves_aliases[SGD-115-v1.0.1-SGD-115]" time="0.002" /><testcase classname="tests.roadmap.test_SGD_116B_institutional_roadmap_closure" name="test_SGD_116B_resolves_aliases[SPT-006A-v0.2.0-SPT-006A]" time="0.001" /><testcase classname="tests.roadmap.test_SGD_116B_institutional_roadmap_closure" name="test_SGD_116B_resolves_aliases[ADR-010-v1.0.0-ADR-010]" time="0.004" /><testcase classname="tests.roadmap.test_SGD_116B_institutional_roadmap_closure" name="test_SGD_116B_resolves_aliases[SPB-007-SPB-007]" time="0.001" /><testcase classname="tests.roadmap.test_SGD_116B_institutional_roadmap_closure" name="test_SGD_116B_resolves_aliases[SIB-001-SIB-001]" time="0.001" /><testcase classname="tests.roadmap.test_SGD_116B_institutional_roadmap_closure" name="test_SGD_116B_reports_alias_change" time="0.001" /><testcase classname="tests.roadmap.test_SGD_116B_institutional_roadmap_closure" name="test_SGD_116B_rejects_unsupported_format" time="0.001" /><testcase classname="tests.roadmap.test_SGD_116B_institutional_roadmap_closure" name="test_SGD_116B_finds_institutional_evidence" time="0.022" /><testcase classname="tests.roadmap.test_SGD_116B_institutional_roadmap_closure" name="test_SGD_116B_discovers_descriptor_component" time="0.046" /><testcase classname="tests.roadmap.test_SGD_116B_institutional_roadmap_closure" name="test_SGD_116B_preserves_historical_component" time="0.051" /><testcase classname="tests.roadmap.test_SGD_116B_institutional_roadmap_closure" name="test_SGD_116B_classifies_found_dependency" time="0.001" /><testcase classname="tests.roadmap.test_SGD_116B_institutional_roadmap_closure" name="test_SGD_116B_classifies_aliased_dependency" time="0.002" /><testcase classname="tests.roadmap.test_SGD_116B_institutional_roadmap_closure" name="test_SGD_116B_classifies_historical_dependency" time="0.001" /><testcase classname="tests.roadmap.test_SGD_116B_institutional_roadmap_closure" name="test_SGD_116B_blocks_missing_dependency" time="0.002" /><testcase classname="tests.roadmap.test_SGD_116B_institutional_roadmap_closure" name="test_SGD_116B_detects_cycle" time="0.003" /><testcase classname="tests.roadmap.test_SGD_116B_institutional_roadmap_closure" name="test_SGD_116B_validation_blocks_missing" time="0.031" /><testcase classname="tests.roadmap.test_SGD_116B_institutional_roadmap_closure" name="test_SGD_116B_validation_accepts_historical" time="0.029" /><testcase classname="tests.roadmap.test_SGD_116_master_ecosystem_roadmap" name="test_SGD_116_discovers_component" time="0.050" /><testcase classname="tests.roadmap.test_SGD_116_master_ecosystem_roadmap" name="test_SGD_116_discovers_assets" time="0.033" /><testcase classname="tests.roadmap.test_SGD_116_master_ecosystem_roadmap" name="test_SGD_116_builds_dependency_graph" time="0.001" /><testcase classname="tests.roadmap.test_SGD_116_master_ecosystem_roadmap" name="test_SGD_116_detects_missing_dependency" time="0.002" /><testcase classname="tests.roadmap.test_SGD_116_master_ecosystem_roadmap" name="test_SGD_116_detects_cycle" time="0.002" /><testcase classname="tests.roadmap.test_SGD_116_master_ecosystem_roadmap" name="test_SGD_116_calculates_metrics" time="0.074" /><testcase classname="tests.roadmap.test_SGD_116_master_ecosystem_roadmap" name="test_SGD_116_generates_master_documents" time="0.226" /><testcase classname="tests.roadmap.test_SGD_116_master_ecosystem_roadmap" name="test_SGD_116_generates_dashboard" time="0.274" /><testcase classname="tests.roadmap.test_SGD_116_master_ecosystem_roadmap" name="test_SGD_116_validation_passes" time="0.235" /><testcase classname="tests.roadmap.test_SGD_116_master_ecosystem_roadmap" name="test_SGD_116_validation_detects_broken_path" time="0.247" /><testcase classname="tests.roadmap.test_SGD_116_master_ecosystem_roadmap" name="test_SGD_116_executive_summary_is_approved" time="0.179" /><testcase classname="tests.roadmap.test_SGD_116_master_ecosystem_roadmap" name="test_SGD_116_is_idempotent" time="0.387" /><testcase classname="tests.roadmap.test_SGD_116_master_ecosystem_roadmap" name="test_SGD_116_normalizes_versioned_governance_dependencies" time="0.001" /><testcase classname="tests.roadmap.test_SGD_116_master_ecosystem_roadmap" name="test_SGD_116_discovers_SGD_114_canonical_anchor" time="0.047" /><testcase classname="tests.roadmap.test_SGD_116_master_ecosystem_roadmap" name="test_SGD_116_canonicalizes_all_supported_version_suffixes" time="0.001" /><testcase classname="tests.roadmap.test_SGD_116_master_ecosystem_roadmap" name="test_SGD_116_finds_repository_evidence_for_historical_code" time="0.015" /><testcase classname="tests.roadmap.test_SGD_116_master_ecosystem_roadmap" name="test_SGD_116_resolves_historical_dependency_with_evidence" time="0.034" /><testcase classname="tests.roadmap.test_SGD_116_master_ecosystem_roadmap" name="test_SGD_116_still_blocks_dependency_without_evidence" time="0.028" /><testcase classname="tests.test_pmo_governance_platform" name="test_project_model_loads_from_single_source" time="0.004" /><testcase classname="tests.test_pmo_governance_platform" name="test_deliverables_have_executive_language" time="0.002" /><testcase classname="tests.test_pmo_governance_platform" name="test_governance_validation_accepts_baseline_model" time="0.002" /><testcase classname="tests.test_pmo_governance_platform" name="test_generators_use_same_model" time="0.003" /><testcase classname="tests.test_pmo_governance_platform" name="test_status_enum_contains_declared_and_verified_states" time="0.001" /><testcase classname="tests.test_spb_003_2_closure" name="test_required_gate_blocks" time="0.008" /><testcase classname="tests.test_spb_003_2_closure" name="test_all_required_gates_pass" time="0.005" /><testcase classname="tests.test_spb_005_1_foundation_runtime" name="test_health_endpoint" time="0.025" /><testcase classname="tests.test_spb_005_1_foundation_runtime" name="test_version_endpoint" time="0.009" /><testcase classname="tests.test_spb_005_2_platform_kernel" name="test_kernel_status" time="0.184" /><testcase classname="tests.test_spb_005_2_platform_kernel" name="test_kernel_modules" time="0.015" /><testcase classname="tests.test_spb_005_2_platform_kernel" name="test_kernel_metadata" time="0.145" /><testcase classname="tests.test_spb_005_2_platform_kernel" name="test_repository_audit" time="0.188" /><testcase classname="tests.test_spb_005_2_platform_kernel" name="test_foundation_endpoints_remain_available" time="0.050" /><testcase classname="tests.tutor.test_SPT_008_intelligent_tutor" name="test_SPT_008_builds_learning_path" time="0.028" /><testcase classname="tests.tutor.test_SPT_008_intelligent_tutor" name="test_SPT_008_activity_references_rlb_entry" time="0.013" /><testcase classname="tests.tutor.test_SPT_008_intelligent_tutor" name="test_SPT_008_evaluates_correct_answer" time="0.011" /><testcase classname="tests.tutor.test_SPT_008_intelligent_tutor" name="test_SPT_008_evaluates_incorrect_answer" time="0.011" /><testcase classname="tests.tutor.test_SPT_008_intelligent_tutor" name="test_SPT_008_is_deterministic" time="0.002" /><testcase classname="tests.tutor.test_SPT_008_intelligent_tutor" name="test_SPT_008_does_not_create_unknown_content" time="0.050" /></testsuite></testsuites>